degrees = 210.000000
RIGHT - Enter in find_h
degrees2 = 210.000000
ax = 683.712813 | max_len = 1056 | ay = 128.000000 | nb_line = 416
Right - degrees = 209.906250
RIGHT - Enter in find_h
degrees2 = 209.906250
ax = 683.817830 | max_len = 1056 | ay = 128.000000 | nb_line = 416
Right - degrees = 209.812500
RIGHT - Enter in find_h
degrees2 = 209.812500
ax = 683.923447 | max_len = 1056 | ay = 128.000000 | nb_line = 416
Right - degrees = 209.718750
RIGHT - Enter in find_h
degrees2 = 209.718750
ax = 684.029669 | max_len = 1056 | ay = 128.000000 | nb_line = 416
Right - degrees = 209.625000
RIGHT - Enter in find_h
degrees2 = 209.625000
ax = 684.136501 | max_len = 1056 | ay = 128.000000 | nb_line = 416
Right - degrees = 209.531250
RIGHT - Enter in find_h
degrees2 = 209.531250
ax = 684.243950 | max_len = 1056 | ay = 128.000000 | nb_line = 416
Right - degrees = 209.437500
RIGHT - Enter in find_h
degrees2 = 209.437500
ax = 684.352021 | max_len = 1056 | ay = 128.000000 | nb_line = 416
Right - degrees = 209.343750
RIGHT - Enter in find_h
degrees2 = 209.343750
ax = 684.460721 | max_len = 1056 | ay = 128.000000 | nb_line = 416
Right - degrees = 209.250000
RIGHT - Enter in find_h
degrees2 = 209.250000
ax = 684.570056 | max_len = 1056 | ay = 128.000000 | nb_line = 416
Right - degrees = 209.156250
RIGHT - Enter in find_h
degrees2 = 209.156250
ax = 684.680031 | max_len = 1056 | ay = 128.000000 | nb_line = 416
Right - degrees = 209.062500
RIGHT - Enter in find_h
degrees2 = 209.062500
ax = 684.790653 | max_len = 1056 | ay = 128.000000 | nb_line = 416
Right - degrees = 208.968750
RIGHT - Enter in find_h
degrees2 = 208.968750
ax = 684.901929 | max_len = 1056 | ay = 128.000000 | nb_line = 416
Right - degrees = 208.875000
RIGHT - Enter in find_h
degrees2 = 208.875000
ax = 685.013864 | max_len = 1056 | ay = 128.000000 | nb_line = 416
Right - degrees = 208.781250
RIGHT - Enter in find_h
degrees2 = 208.781250
ax = 685.126466 | max_len = 1056 | ay = 128.000000 | nb_line = 416
Right - degrees = 208.687500
RIGHT - Enter in find_h
degrees2 = 208.687500
ax = 685.239740 | max_len = 1056 | ay = 128.000000 | nb_line = 416
Right - degrees = 208.593750
RIGHT - Enter in find_h
degrees2 = 208.593750
ax = 685.353694 | max_len = 1056 | ay = 128.000000 | nb_line = 416
Right - degrees = 208.500000
RIGHT - Enter in find_h
degrees2 = 208.500000
ax = 685.468334 | max_len = 1056 | ay = 128.000000 | nb_line = 416
Right - degrees = 208.406250
RIGHT - Enter in find_h
degrees2 = 208.406250
ax = 685.583667 | max_len = 1056 | ay = 128.000000 | nb_line = 416
Right - degrees = 208.312500
RIGHT - Enter in find_h
degrees2 = 208.312500
ax = 685.699700 | max_len = 1056 | ay = 128.000000 | nb_line = 416
Right - degrees = 208.218750
RIGHT - Enter in find_h
degrees2 = 208.218750
ax = 685.816440 | max_len = 1056 | ay = 128.000000 | nb_line = 416
Right - degrees = 208.125000
RIGHT - Enter in find_h
degrees2 = 208.125000
ax = 685.933895 | max_len = 1056 | ay = 128.000000 | nb_line = 416
Right - degrees = 208.031250
RIGHT - Enter in find_h
degrees2 = 208.031250
ax = 686.052070 | max_len = 1056 | ay = 128.000000 | nb_line = 416
Right - degrees = 207.937500
RIGHT - Enter in find_h
degrees2 = 207.937500
ax = 686.170974 | max_len = 1056 | ay = 128.000000 | nb_line = 416
Right - degrees = 207.843750
RIGHT - Enter in find_h
degrees2 = 207.843750
ax = 686.290614 | max_len = 1056 | ay = 128.000000 | nb_line = 416
Right - degrees = 207.750000
RIGHT - Enter in find_h
degrees2 = 207.750000
ax = 686.410998 | max_len = 1056 | ay = 128.000000 | nb_line = 416
Right - degrees = 207.656250
RIGHT - Enter in find_h
degrees2 = 207.656250
ax = 686.532133 | max_len = 1056 | ay = 128.000000 | nb_line = 416
Right - degrees = 207.562500
RIGHT - Enter in find_h
degrees2 = 207.562500
ax = 686.654026 | max_len = 1056 | ay = 128.000000 | nb_line = 416
Right - degrees = 207.468750
RIGHT - Enter in find_h
degrees2 = 207.468750
ax = 686.776686 | max_len = 1056 | ay = 128.000000 | nb_line = 416
Right - degrees = 207.375000
RIGHT - Enter in find_h
degrees2 = 207.375000
ax = 686.900121 | max_len = 1056 | ay = 128.000000 | nb_line = 416
Right - degrees = 207.281250
RIGHT - Enter in find_h
degrees2 = 207.281250
ax = 687.024339 | max_len = 1056 | ay = 128.000000 | nb_line = 416
Right - degrees = 207.187500
RIGHT - Enter in find_h
degrees2 = 207.187500
ax = 687.149347 | max_len = 1056 | ay = 128.000000 | nb_line = 416
Right - degrees = 207.093750
RIGHT - Enter in find_h
degrees2 = 207.093750
ax = 687.275154 | max_len = 1056 | ay = 128.000000 | nb_line = 416
Right - degrees = 207.000000
RIGHT - Enter in find_h
degrees2 = 207.000000
ax = 687.401768 | max_len = 1056 | ay = 128.000000 | nb_line = 416
Right - degrees = 206.906250
RIGHT - Enter in find_h
degrees2 = 206.906250
ax = 687.529198 | max_len = 1056 | ay = 128.000000 | nb_line = 416
Right - degrees = 206.812500
RIGHT - Enter in find_h
degrees2 = 206.812500
ax = 687.657453 | max_len = 1056 | ay = 128.000000 | nb_line = 416
Right - degrees = 206.718750
RIGHT - Enter in find_h
degrees2 = 206.718750
ax = 687.786541 | max_len = 1056 | ay = 128.000000 | nb_line = 416
Right - degrees = 206.625000
RIGHT - Enter in find_h
degrees2 = 206.625000
ax = 687.916470 | max_len = 1056 | ay = 128.000000 | nb_line = 416
Right - degrees = 206.531250
RIGHT - Enter in find_h
degrees2 = 206.531250
ax = 688.047251 | max_len = 1056 | ay = 128.000000 | nb_line = 416
Right - degrees = 206.437500
RIGHT - Enter in find_h
degrees2 = 206.437500
ax = 688.178892 | max_len = 1056 | ay = 128.000000 | nb_line = 416
Right - degrees = 206.343750
RIGHT - Enter in find_h
degrees2 = 206.343750
ax = 688.311402 | max_len = 1056 | ay = 128.000000 | nb_line = 416
Right - degrees = 206.250000
RIGHT - Enter in find_h
degrees2 = 206.250000
ax = 688.444790 | max_len = 1056 | ay = 128.000000 | nb_line = 416
Right - degrees = 206.156250
RIGHT - Enter in find_h
degrees2 = 206.156250
ax = 688.579067 | max_len = 1056 | ay = 128.000000 | nb_line = 416
Right - degrees = 206.062500
RIGHT - Enter in find_h
degrees2 = 206.062500
ax = 688.714242 | max_len = 1056 | ay = 128.000000 | nb_line = 416
Right - degrees = 205.968750
RIGHT - Enter in find_h
degrees2 = 205.968750
ax = 688.850324 | max_len = 1056 | ay = 128.000000 | nb_line = 416
Right - degrees = 205.875000
RIGHT - Enter in find_h
degrees2 = 205.875000
ax = 688.987323 | max_len = 1056 | ay = 128.000000 | nb_line = 416
Right - degrees = 205.781250
RIGHT - Enter in find_h
degrees2 = 205.781250
ax = 689.125250 | max_len = 1056 | ay = 128.000000 | nb_line = 416
Right - degrees = 205.687500
RIGHT - Enter in find_h
degrees2 = 205.687500
ax = 689.264114 | max_len = 1056 | ay = 128.000000 | nb_line = 416
Right - degrees = 205.593750
RIGHT - Enter in find_h
degrees2 = 205.593750
ax = 689.403927 | max_len = 1056 | ay = 128.000000 | nb_line = 416
Right - degrees = 205.500000
RIGHT - Enter in find_h
degrees2 = 205.500000
ax = 689.544698 | max_len = 1056 | ay = 128.000000 | nb_line = 416
Right - degrees = 205.406250
RIGHT - Enter in find_h
degrees2 = 205.406250
ax = 689.686438 | max_len = 1056 | ay = 128.000000 | nb_line = 416
Right - degrees = 205.312500
RIGHT - Enter in find_h
degrees2 = 205.312500
ax = 689.829158 | max_len = 1056 | ay = 128.000000 | nb_line = 416
Right - degrees = 205.218750
RIGHT - Enter in find_h
degrees2 = 205.218750
ax = 689.972869 | max_len = 1056 | ay = 128.000000 | nb_line = 416
Right - degrees = 205.125000
RIGHT - Enter in find_h
degrees2 = 205.125000
ax = 690.117582 | max_len = 1056 | ay = 128.000000 | nb_line = 416
Right - degrees = 205.031250
RIGHT - Enter in find_h
degrees2 = 205.031250
ax = 690.263308 | max_len = 1056 | ay = 128.000000 | nb_line = 416
Right - degrees = 204.937500
RIGHT - Enter in find_h
degrees2 = 204.937500
ax = 690.410059 | max_len = 1056 | ay = 128.000000 | nb_line = 416
Right - degrees = 204.843750
RIGHT - Enter in find_h
degrees2 = 204.843750
ax = 690.557847 | max_len = 1056 | ay = 128.000000 | nb_line = 416
Right - degrees = 204.750000
RIGHT - Enter in find_h
degrees2 = 204.750000
ax = 690.706683 | max_len = 1056 | ay = 128.000000 | nb_line = 416
Right - degrees = 204.656250
RIGHT - Enter in find_h
degrees2 = 204.656250
ax = 690.856579 | max_len = 1056 | ay = 128.000000 | nb_line = 416
Right - degrees = 204.562500
RIGHT - Enter in find_h
degrees2 = 204.562500
ax = 691.007548 | max_len = 1056 | ay = 128.000000 | nb_line = 416
Right - degrees = 204.468750
RIGHT - Enter in find_h
degrees2 = 204.468750
ax = 691.159602 | max_len = 1056 | ay = 128.000000 | nb_line = 416
Right - degrees = 204.375000
RIGHT - Enter in find_h
degrees2 = 204.375000
ax = 691.312753 | max_len = 1056 | ay = 128.000000 | nb_line = 416
Right - degrees = 204.281250
RIGHT - Enter in find_h
degrees2 = 204.281250
ax = 691.467014 | max_len = 1056 | ay = 128.000000 | nb_line = 416
Right - degrees = 204.187500
RIGHT - Enter in find_h
degrees2 = 204.187500
ax = 691.622398 | max_len = 1056 | ay = 128.000000 | nb_line = 416
Right - degrees = 204.093750
RIGHT - Enter in find_h
degrees2 = 204.093750
ax = 691.778918 | max_len = 1056 | ay = 128.000000 | nb_line = 416
Right - degrees = 204.000000
RIGHT - Enter in find_h
degrees2 = 204.000000
ax = 691.936588 | max_len = 1056 | ay = 128.000000 | nb_line = 416
Right - degrees = 203.906250
RIGHT - Enter in find_h
degrees2 = 203.906250
ax = 692.095422 | max_len = 1056 | ay = 128.000000 | nb_line = 416
Right - degrees = 203.812500
RIGHT - Enter in find_h
degrees2 = 203.812500
ax = 692.255432 | max_len = 1056 | ay = 128.000000 | nb_line = 416
Right - degrees = 203.718750
RIGHT - Enter in find_h
degrees2 = 203.718750
ax = 692.416633 | max_len = 1056 | ay = 128.000000 | nb_line = 416
Right - degrees = 203.625000
RIGHT - Enter in find_h
degrees2 = 203.625000
ax = 692.579039 | max_len = 1056 | ay = 128.000000 | nb_line = 416
Right - degrees = 203.531250
RIGHT - Enter in find_h
degrees2 = 203.531250
ax = 692.742665 | max_len = 1056 | ay = 128.000000 | nb_line = 416
Right - degrees = 203.437500
RIGHT - Enter in find_h
degrees2 = 203.437500
ax = 692.907525 | max_len = 1056 | ay = 128.000000 | nb_line = 416
Right - degrees = 203.343750
RIGHT - Enter in find_h
degrees2 = 203.343750
ax = 693.073635 | max_len = 1056 | ay = 128.000000 | nb_line = 416
Right - degrees = 203.250000
RIGHT - Enter in find_h
degrees2 = 203.250000
ax = 693.241009 | max_len = 1056 | ay = 128.000000 | nb_line = 416
Right - degrees = 203.156250
RIGHT - Enter in find_h
degrees2 = 203.156250
ax = 693.409662 | max_len = 1056 | ay = 128.000000 | nb_line = 416
Right - degrees = 203.062500
RIGHT - Enter in find_h
degrees2 = 203.062500
ax = 693.579611 | max_len = 1056 | ay = 128.000000 | nb_line = 416
Right - degrees = 202.968750
RIGHT - Enter in find_h
degrees2 = 202.968750
ax = 693.750871 | max_len = 1056 | ay = 128.000000 | nb_line = 416
Right - degrees = 202.875000
RIGHT - Enter in find_h
degrees2 = 202.875000
ax = 693.923459 | max_len = 1056 | ay = 128.000000 | nb_line = 416
Right - degrees = 202.781250
RIGHT - Enter in find_h
degrees2 = 202.781250
ax = 694.097391 | max_len = 1056 | ay = 128.000000 | nb_line = 416
Right - degrees = 202.687500
RIGHT - Enter in find_h
degrees2 = 202.687500
ax = 694.272683 | max_len = 1056 | ay = 128.000000 | nb_line = 416
Right - degrees = 202.593750
RIGHT - Enter in find_h
degrees2 = 202.593750
ax = 694.449352 | max_len = 1056 | ay = 128.000000 | nb_line = 416
Right - degrees = 202.500000
RIGHT - Enter in find_h
degrees2 = 202.500000
ax = 694.627417 | max_len = 1056 | ay = 128.000000 | nb_line = 416
Right - degrees = 202.406250
RIGHT - Enter in find_h
degrees2 = 202.406250
ax = 694.806894 | max_len = 1056 | ay = 128.000000 | nb_line = 416
Right - degrees = 202.312500
RIGHT - Enter in find_h
degrees2 = 202.312500
ax = 694.987801 | max_len = 1056 | ay = 128.000000 | nb_line = 416
Right - degrees = 202.218750
RIGHT - Enter in find_h
degrees2 = 202.218750
ax = 695.170157 | max_len = 1056 | ay = 128.000000 | nb_line = 416
Right - degrees = 202.125000
RIGHT - Enter in find_h
degrees2 = 202.125000
ax = 695.353979 | max_len = 1056 | ay = 128.000000 | nb_line = 416
Right - degrees = 202.031250
RIGHT - Enter in find_h
degrees2 = 202.031250
ax = 695.539287 | max_len = 1056 | ay = 128.000000 | nb_line = 416
Right - degrees = 201.937500
RIGHT - Enter in find_h
degrees2 = 201.937500
ax = 695.726100 | max_len = 1056 | ay = 128.000000 | nb_line = 416
Right - degrees = 201.843750
RIGHT - Enter in find_h
degrees2 = 201.843750
ax = 695.914436 | max_len = 1056 | ay = 128.000000 | nb_line = 416
Right - degrees = 201.750000
RIGHT - Enter in find_h
degrees2 = 201.750000
ax = 696.104317 | max_len = 1056 | ay = 128.000000 | nb_line = 416
Right - degrees = 201.656250
RIGHT - Enter in find_h
degrees2 = 201.656250
ax = 696.295761 | max_len = 1056 | ay = 128.000000 | nb_line = 416
Right - degrees = 201.562500
RIGHT - Enter in find_h
degrees2 = 201.562500
ax = 696.488790 | max_len = 1056 | ay = 128.000000 | nb_line = 416
Right - degrees = 201.468750
RIGHT - Enter in find_h
degrees2 = 201.468750
ax = 696.683424 | max_len = 1056 | ay = 128.000000 | nb_line = 416
Right - degrees = 201.375000
RIGHT - Enter in find_h
degrees2 = 201.375000
ax = 696.879684 | max_len = 1056 | ay = 128.000000 | nb_line = 416
Right - degrees = 201.281250
RIGHT - Enter in find_h
degrees2 = 201.281250
ax = 697.077592 | max_len = 1056 | ay = 128.000000 | nb_line = 416
Right - degrees = 201.187500
RIGHT - Enter in find_h
degrees2 = 201.187500
ax = 697.277170 | max_len = 1056 | ay = 128.000000 | nb_line = 416
Right - degrees = 201.093750
RIGHT - Enter in find_h
degrees2 = 201.093750
ax = 697.478440 | max_len = 1056 | ay = 128.000000 | nb_line = 416
Right - degrees = 201.000000
RIGHT - Enter in find_h
degrees2 = 201.000000
ax = 697.681425 | max_len = 1056 | ay = 128.000000 | nb_line = 416
Right - degrees = 200.906250
RIGHT - Enter in find_h
degrees2 = 200.906250
ax = 697.886148 | max_len = 1056 | ay = 128.000000 | nb_line = 416
Right - degrees = 200.812500
RIGHT - Enter in find_h
degrees2 = 200.812500
ax = 698.092632 | max_len = 1056 | ay = 128.000000 | nb_line = 416
Right - degrees = 200.718750
RIGHT - Enter in find_h
degrees2 = 200.718750
ax = 698.300901 | max_len = 1056 | ay = 128.000000 | nb_line = 416
Right - degrees = 200.625000
RIGHT - Enter in find_h
degrees2 = 200.625000
ax = 698.510980 | max_len = 1056 | ay = 128.000000 | nb_line = 416
Right - degrees = 200.531250
RIGHT - Enter in find_h
degrees2 = 200.531250
ax = 698.722894 | max_len = 1056 | ay = 128.000000 | nb_line = 416
Right - degrees = 200.437500
RIGHT - Enter in find_h
degrees2 = 200.437500
ax = 698.936668 | max_len = 1056 | ay = 128.000000 | nb_line = 416
Right - degrees = 200.343750
RIGHT - Enter in find_h
degrees2 = 200.343750
ax = 699.152327 | max_len = 1056 | ay = 128.000000 | nb_line = 416
Right - degrees = 200.250000
RIGHT - Enter in find_h
degrees2 = 200.250000
ax = 699.369898 | max_len = 1056 | ay = 128.000000 | nb_line = 416
Right - degrees = 200.156250
RIGHT - Enter in find_h
degrees2 = 200.156250
ax = 699.589407 | max_len = 1056 | ay = 128.000000 | nb_line = 416
Right - degrees = 200.062500
RIGHT - Enter in find_h
degrees2 = 200.062500
ax = 699.810883 | max_len = 1056 | ay = 128.000000 | nb_line = 416
Right - degrees = 199.968750
RIGHT - Enter in find_h
degrees2 = 199.968750
ax = 700.034352 | max_len = 1056 | ay = 128.000000 | nb_line = 416
Right - degrees = 199.875000
RIGHT - Enter in find_h
degrees2 = 199.875000
ax = 700.259842 | max_len = 1056 | ay = 128.000000 | nb_line = 416
Right - degrees = 199.781250
RIGHT - Enter in find_h
degrees2 = 199.781250
ax = 700.487383 | max_len = 1056 | ay = 128.000000 | nb_line = 416
Right - degrees = 199.687500
RIGHT - Enter in find_h
degrees2 = 199.687500
ax = 700.717004 | max_len = 1056 | ay = 128.000000 | nb_line = 416
Right - degrees = 199.593750
RIGHT - Enter in find_h
degrees2 = 199.593750
ax = 700.948735 | max_len = 1056 | ay = 128.000000 | nb_line = 416
Right - degrees = 199.500000
RIGHT - Enter in find_h
degrees2 = 199.500000
ax = 701.182606 | max_len = 1056 | ay = 128.000000 | nb_line = 416
Right - degrees = 199.406250
RIGHT - Enter in find_h
degrees2 = 199.406250
ax = 701.418648 | max_len = 1056 | ay = 128.000000 | nb_line = 416
Right - degrees = 199.312500
RIGHT - Enter in find_h
degrees2 = 199.312500
ax = 701.656894 | max_len = 1056 | ay = 128.000000 | nb_line = 416
Right - degrees = 199.218750
RIGHT - Enter in find_h
degrees2 = 199.218750
ax = 701.897374 | max_len = 1056 | ay = 128.000000 | nb_line = 416
Right - degrees = 199.125000
RIGHT - Enter in find_h
degrees2 = 199.125000
ax = 702.140123 | max_len = 1056 | ay = 128.000000 | nb_line = 416
Right - degrees = 199.031250
RIGHT - Enter in find_h
degrees2 = 199.031250
ax = 702.385173 | max_len = 1056 | ay = 128.000000 | nb_line = 416
Right - degrees = 198.937500
RIGHT - Enter in find_h
degrees2 = 198.937500
ax = 702.632559 | max_len = 1056 | ay = 128.000000 | nb_line = 416
Right - degrees = 198.843750
RIGHT - Enter in find_h
degrees2 = 198.843750
ax = 702.882317 | max_len = 1056 | ay = 128.000000 | nb_line = 416
Right - degrees = 198.750000
RIGHT - Enter in find_h
degrees2 = 198.750000
ax = 703.134480 | max_len = 1056 | ay = 128.000000 | nb_line = 416
Right - degrees = 198.656250
RIGHT - Enter in find_h
degrees2 = 198.656250
ax = 703.389086 | max_len = 1056 | ay = 128.000000 | nb_line = 416
Right - degrees = 198.562500
RIGHT - Enter in find_h
degrees2 = 198.562500
ax = 703.646172 | max_len = 1056 | ay = 128.000000 | nb_line = 416
Right - degrees = 198.468750
RIGHT - Enter in find_h
degrees2 = 198.468750
ax = 703.905776 | max_len = 1056 | ay = 128.000000 | nb_line = 416
Right - degrees = 198.375000
RIGHT - Enter in find_h
degrees2 = 198.375000
ax = 704.167936 | max_len = 1056 | ay = 128.000000 | nb_line = 416
Right - degrees = 198.281250
RIGHT - Enter in find_h
degrees2 = 198.281250
ax = 704.432691 | max_len = 1056 | ay = 128.000000 | nb_line = 416
Right - degrees = 198.187500
RIGHT - Enter in find_h
degrees2 = 198.187500
ax = 704.700082 | max_len = 1056 | ay = 128.000000 | nb_line = 416
Right - degrees = 198.093750
RIGHT - Enter in find_h
degrees2 = 198.093750
ax = 704.970150 | max_len = 1056 | ay = 128.000000 | nb_line = 416
Right - degrees = 198.000000
RIGHT - Enter in find_h
degrees2 = 198.000000
ax = 705.242937 | max_len = 1056 | ay = 128.000000 | nb_line = 416
Right - degrees = 197.906250
RIGHT - Enter in find_h
degrees2 = 197.906250
ax = 705.518484 | max_len = 1056 | ay = 128.000000 | nb_line = 416
Right - degrees = 197.812500
RIGHT - Enter in find_h
degrees2 = 197.812500
ax = 705.796837 | max_len = 1056 | ay = 128.000000 | nb_line = 416
Right - degrees = 197.718750
RIGHT - Enter in find_h
degrees2 = 197.718750
ax = 706.078039 | max_len = 1056 | ay = 128.000000 | nb_line = 416
Right - degrees = 197.625000
RIGHT - Enter in find_h
degrees2 = 197.625000
ax = 706.362137 | max_len = 1056 | ay = 128.000000 | nb_line = 416
Right - degrees = 197.531250
RIGHT - Enter in find_h
degrees2 = 197.531250
ax = 706.649175 | max_len = 1056 | ay = 128.000000 | nb_line = 416
Right - degrees = 197.437500
RIGHT - Enter in find_h
degrees2 = 197.437500
ax = 706.939203 | max_len = 1056 | ay = 128.000000 | nb_line = 416
Right - degrees = 197.343750
RIGHT - Enter in find_h
degrees2 = 197.343750
ax = 707.232269 | max_len = 1056 | ay = 128.000000 | nb_line = 416
Right - degrees = 197.250000
RIGHT - Enter in find_h
degrees2 = 197.250000
ax = 707.528421 | max_len = 1056 | ay = 128.000000 | nb_line = 416
Right - degrees = 197.156250
RIGHT - Enter in find_h
degrees2 = 197.156250
ax = 707.827711 | max_len = 1056 | ay = 128.000000 | nb_line = 416
Right - degrees = 197.062500
RIGHT - Enter in find_h
degrees2 = 197.062500
ax = 708.130191 | max_len = 1056 | ay = 128.000000 | nb_line = 416
Right - degrees = 196.968750
RIGHT - Enter in find_h
degrees2 = 196.968750
ax = 708.435913 | max_len = 1056 | ay = 128.000000 | nb_line = 416
Right - degrees = 196.875000
RIGHT - Enter in find_h
degrees2 = 196.875000
ax = 708.744931 | max_len = 1056 | ay = 128.000000 | nb_line = 416
Right - degrees = 196.781250
RIGHT - Enter in find_h
degrees2 = 196.781250
ax = 709.057302 | max_len = 1056 | ay = 128.000000 | nb_line = 416
Right - degrees = 196.687500
RIGHT - Enter in find_h
degrees2 = 196.687500
ax = 709.373080 | max_len = 1056 | ay = 128.000000 | nb_line = 416
Right - degrees = 196.593750
RIGHT - Enter in find_h
degrees2 = 196.593750
ax = 709.692325 | max_len = 1056 | ay = 128.000000 | nb_line = 416
Right - degrees = 196.500000
RIGHT - Enter in find_h
degrees2 = 196.500000
ax = 710.015095 | max_len = 1056 | ay = 128.000000 | nb_line = 416
Right - degrees = 196.406250
RIGHT - Enter in find_h
degrees2 = 196.406250
ax = 710.341450 | max_len = 1056 | ay = 128.000000 | nb_line = 416
Right - degrees = 196.312500
RIGHT - Enter in find_h
degrees2 = 196.312500
ax = 710.671453 | max_len = 1056 | ay = 128.000000 | nb_line = 416
Right - degrees = 196.218750
RIGHT - Enter in find_h
degrees2 = 196.218750
ax = 711.005167 | max_len = 1056 | ay = 128.000000 | nb_line = 416
Right - degrees = 196.125000
RIGHT - Enter in find_h
degrees2 = 196.125000
ax = 711.342657 | max_len = 1056 | ay = 128.000000 | nb_line = 416
Right - degrees = 196.031250
RIGHT - Enter in find_h
degrees2 = 196.031250
ax = 711.683989 | max_len = 1056 | ay = 128.000000 | nb_line = 416
Right - degrees = 195.937500
RIGHT - Enter in find_h
degrees2 = 195.937500
ax = 712.029230 | max_len = 1056 | ay = 128.000000 | nb_line = 416
Right - degrees = 195.843750
RIGHT - Enter in find_h
degrees2 = 195.843750
ax = 712.378450 | max_len = 1056 | ay = 128.000000 | nb_line = 416
Right - degrees = 195.750000
RIGHT - Enter in find_h
degrees2 = 195.750000
ax = 712.731721 | max_len = 1056 | ay = 128.000000 | nb_line = 416
Right - degrees = 195.656250
RIGHT - Enter in find_h
degrees2 = 195.656250
ax = 713.089114 | max_len = 1056 | ay = 128.000000 | nb_line = 416
Right - degrees = 195.562500
RIGHT - Enter in find_h
degrees2 = 195.562500
ax = 713.450706 | max_len = 1056 | ay = 128.000000 | nb_line = 416
Right - degrees = 195.468750
RIGHT - Enter in find_h
degrees2 = 195.468750
ax = 713.816571 | max_len = 1056 | ay = 128.000000 | nb_line = 416
Right - degrees = 195.375000
RIGHT - Enter in find_h
degrees2 = 195.375000
ax = 714.186788 | max_len = 1056 | ay = 128.000000 | nb_line = 416
Right - degrees = 195.281250
RIGHT - Enter in find_h
degrees2 = 195.281250
ax = 714.561438 | max_len = 1056 | ay = 128.000000 | nb_line = 416
Right - degrees = 195.187500
RIGHT - Enter in find_h
degrees2 = 195.187500
ax = 714.940602 | max_len = 1056 | ay = 128.000000 | nb_line = 416
Right - degrees = 195.093750
RIGHT - Enter in find_h
degrees2 = 195.093750
ax = 715.324365 | max_len = 1056 | ay = 128.000000 | nb_line = 416
Right - degrees = 195.000000
RIGHT - Enter in find_h
degrees2 = 195.000000
ax = 715.712813 | max_len = 1056 | ay = 128.000000 | nb_line = 416
Right - degrees = 194.906250
RIGHT - Enter in find_h
degrees2 = 194.906250
ax = 716.106034 | max_len = 1056 | ay = 128.000000 | nb_line = 416
Right - degrees = 194.812500
RIGHT - Enter in find_h
degrees2 = 194.812500
ax = 716.504119 | max_len = 1056 | ay = 128.000000 | nb_line = 416
Right - degrees = 194.718750
RIGHT - Enter in find_h
degrees2 = 194.718750
ax = 716.907161 | max_len = 1056 | ay = 128.000000 | nb_line = 416
Right - degrees = 194.625000
RIGHT - Enter in find_h
degrees2 = 194.625000
ax = 717.315255 | max_len = 1056 | ay = 128.000000 | nb_line = 416
Right - degrees = 194.531250
RIGHT - Enter in find_h
degrees2 = 194.531250
ax = 717.728500 | max_len = 1056 | ay = 128.000000 | nb_line = 416
Right - degrees = 194.437500
RIGHT - Enter in find_h
degrees2 = 194.437500
ax = 718.146995 | max_len = 1056 | ay = 128.000000 | nb_line = 416
Right - degrees = 194.343750
RIGHT - Enter in find_h
degrees2 = 194.343750
ax = 718.570843 | max_len = 1056 | ay = 128.000000 | nb_line = 416
Right - degrees = 194.250000
RIGHT - Enter in find_h
degrees2 = 194.250000
ax = 719.000151 | max_len = 1056 | ay = 128.000000 | nb_line = 416
Right - degrees = 194.156250
RIGHT - Enter in find_h
degrees2 = 194.156250
ax = 719.435026 | max_len = 1056 | ay = 128.000000 | nb_line = 416
Right - degrees = 194.062500
RIGHT - Enter in find_h
degrees2 = 194.062500
ax = 719.875581 | max_len = 1056 | ay = 128.000000 | nb_line = 416
Right - degrees = 193.968750
RIGHT - Enter in find_h
degrees2 = 193.968750
ax = 720.321928 | max_len = 1056 | ay = 128.000000 | nb_line = 416
Right - degrees = 193.875000
RIGHT - Enter in find_h
degrees2 = 193.875000
ax = 720.774187 | max_len = 1056 | ay = 128.000000 | nb_line = 416
Right - degrees = 193.781250
RIGHT - Enter in find_h
degrees2 = 193.781250
ax = 721.232478 | max_len = 1056 | ay = 128.000000 | nb_line = 416
Right - degrees = 193.687500
RIGHT - Enter in find_h
degrees2 = 193.687500
ax = 721.696924 | max_len = 1056 | ay = 128.000000 | nb_line = 416
Right - degrees = 193.593750
RIGHT - Enter in find_h
degrees2 = 193.593750
ax = 722.167653 | max_len = 1056 | ay = 128.000000 | nb_line = 416
Right - degrees = 193.500000
RIGHT - Enter in find_h
degrees2 = 193.500000
ax = 722.644796 | max_len = 1056 | ay = 128.000000 | nb_line = 416
Right - degrees = 193.406250
RIGHT - Enter in find_h
degrees2 = 193.406250
ax = 723.128488 | max_len = 1056 | ay = 128.000000 | nb_line = 416
Right - degrees = 193.312500
RIGHT - Enter in find_h
degrees2 = 193.312500
ax = 723.618866 | max_len = 1056 | ay = 128.000000 | nb_line = 416
Right - degrees = 193.218750
RIGHT - Enter in find_h
degrees2 = 193.218750
ax = 724.116074 | max_len = 1056 | ay = 128.000000 | nb_line = 416
Right - degrees = 193.125000
RIGHT - Enter in find_h
degrees2 = 193.125000
ax = 724.620258 | max_len = 1056 | ay = 128.000000 | nb_line = 416
Right - degrees = 193.031250
RIGHT - Enter in find_h
degrees2 = 193.031250
ax = 725.131567 | max_len = 1056 | ay = 128.000000 | nb_line = 416
Right - degrees = 192.937500
RIGHT - Enter in find_h
degrees2 = 192.937500
ax = 725.650158 | max_len = 1056 | ay = 128.000000 | nb_line = 416
Right - degrees = 192.843750
RIGHT - Enter in find_h
degrees2 = 192.843750
ax = 726.176189 | max_len = 1056 | ay = 128.000000 | nb_line = 416
Right - degrees = 192.750000
RIGHT - Enter in find_h
degrees2 = 192.750000
ax = 726.709826 | max_len = 1056 | ay = 128.000000 | nb_line = 416
Right - degrees = 192.656250
RIGHT - Enter in find_h
degrees2 = 192.656250
ax = 727.251236 | max_len = 1056 | ay = 128.000000 | nb_line = 416
Right - degrees = 192.562500
RIGHT - Enter in find_h
degrees2 = 192.562500
ax = 727.800594 | max_len = 1056 | ay = 128.000000 | nb_line = 416
Right - degrees = 192.468750
RIGHT - Enter in find_h
degrees2 = 192.468750
ax = 728.358079 | max_len = 1056 | ay = 128.000000 | nb_line = 416
Right - degrees = 192.375000
RIGHT - Enter in find_h
degrees2 = 192.375000
ax = 728.923876 | max_len = 1056 | ay = 128.000000 | nb_line = 416
Right - degrees = 192.281250
RIGHT - Enter in find_h
degrees2 = 192.281250
ax = 729.498176 | max_len = 1056 | ay = 128.000000 | nb_line = 416
Right - degrees = 192.187500
RIGHT - Enter in find_h
degrees2 = 192.187500
ax = 730.081174 | max_len = 1056 | ay = 128.000000 | nb_line = 416
Right - degrees = 192.093750
RIGHT - Enter in find_h
degrees2 = 192.093750
ax = 730.673073 | max_len = 1056 | ay = 128.000000 | nb_line = 416
Right - degrees = 192.000000
RIGHT - Enter in find_h
degrees2 = 192.000000
ax = 731.274082 | max_len = 1056 | ay = 128.000000 | nb_line = 416
Right - degrees = 191.906250
RIGHT - Enter in find_h
degrees2 = 191.906250
ax = 731.884415 | max_len = 1056 | ay = 128.000000 | nb_line = 416
Right - degrees = 191.812500
RIGHT - Enter in find_h
degrees2 = 191.812500
ax = 732.504296 | max_len = 1056 | ay = 128.000000 | nb_line = 416
Right - degrees = 191.718750
RIGHT - Enter in find_h
degrees2 = 191.718750
ax = 733.133953 | max_len = 1056 | ay = 128.000000 | nb_line = 416
Right - degrees = 191.625000
RIGHT - Enter in find_h
degrees2 = 191.625000
ax = 733.773622 | max_len = 1056 | ay = 128.000000 | nb_line = 416
Right - degrees = 191.531250
RIGHT - Enter in find_h
degrees2 = 191.531250
ax = 734.423548 | max_len = 1056 | ay = 128.000000 | nb_line = 416
Right - degrees = 191.437500
RIGHT - Enter in find_h
degrees2 = 191.437500
ax = 735.083983 | max_len = 1056 | ay = 128.000000 | nb_line = 416
Right - degrees = 191.343750
RIGHT - Enter in find_h
degrees2 = 191.343750
ax = 735.755188 | max_len = 1056 | ay = 128.000000 | nb_line = 416
Right - degrees = 191.250000
RIGHT - Enter in find_h
degrees2 = 191.250000
ax = 736.437432 | max_len = 1056 | ay = 128.000000 | nb_line = 416
Right - degrees = 191.156250
RIGHT - Enter in find_h
degrees2 = 191.156250
ax = 737.130993 | max_len = 1056 | ay = 128.000000 | nb_line = 416
Right - degrees = 191.062500
RIGHT - Enter in find_h
degrees2 = 191.062500
ax = 737.836160 | max_len = 1056 | ay = 128.000000 | nb_line = 416
Right - degrees = 190.968750
RIGHT - Enter in find_h
degrees2 = 190.968750
ax = 738.553229 | max_len = 1056 | ay = 128.000000 | nb_line = 416
Right - degrees = 190.875000
RIGHT - Enter in find_h
degrees2 = 190.875000
ax = 739.282508 | max_len = 1056 | ay = 128.000000 | nb_line = 416
Right - degrees = 190.781250
RIGHT - Enter in find_h
degrees2 = 190.781250
ax = 740.024317 | max_len = 1056 | ay = 128.000000 | nb_line = 416
Right - degrees = 190.687500
RIGHT - Enter in find_h
degrees2 = 190.687500
ax = 740.778985 | max_len = 1056 | ay = 128.000000 | nb_line = 416
Right - degrees = 190.593750
RIGHT - Enter in find_h
degrees2 = 190.593750
ax = 741.546853 | max_len = 1056 | ay = 128.000000 | nb_line = 416
Right - degrees = 190.500000
RIGHT - Enter in find_h
degrees2 = 190.500000
ax = 742.328275 | max_len = 1056 | ay = 128.000000 | nb_line = 416
Right - degrees = 190.406250
RIGHT - Enter in find_h
degrees2 = 190.406250
ax = 743.123617 | max_len = 1056 | ay = 128.000000 | nb_line = 416
Right - degrees = 190.312500
RIGHT - Enter in find_h
degrees2 = 190.312500
ax = 743.933259 | max_len = 1056 | ay = 128.000000 | nb_line = 416
Right - degrees = 190.218750
RIGHT - Enter in find_h
degrees2 = 190.218750
ax = 744.757595 | max_len = 1056 | ay = 128.000000 | nb_line = 416
Right - degrees = 190.125000
RIGHT - Enter in find_h
degrees2 = 190.125000
ax = 745.597033 | max_len = 1056 | ay = 128.000000 | nb_line = 416
Right - degrees = 190.031250
RIGHT - Enter in find_h
degrees2 = 190.031250
ax = 746.451996 | max_len = 1056 | ay = 128.000000 | nb_line = 416
Right - degrees = 189.937500
RIGHT - Enter in find_h
degrees2 = 189.937500
ax = 747.322924 | max_len = 1056 | ay = 128.000000 | nb_line = 416
Right - degrees = 189.843750
RIGHT - Enter in find_h
degrees2 = 189.843750
ax = 748.210272 | max_len = 1056 | ay = 128.000000 | nb_line = 416
Right - degrees = 189.750000
RIGHT - Enter in find_h
degrees2 = 189.750000
ax = 749.114515 | max_len = 1056 | ay = 128.000000 | nb_line = 416
Right - degrees = 189.656250
RIGHT - Enter in find_h
degrees2 = 189.656250
ax = 750.036145 | max_len = 1056 | ay = 128.000000 | nb_line = 416
Right - degrees = 189.562500
RIGHT - Enter in find_h
degrees2 = 189.562500
ax = 750.975673 | max_len = 1056 | ay = 128.000000 | nb_line = 416
Right - degrees = 189.468750
RIGHT - Enter in find_h
degrees2 = 189.468750
ax = 751.933630 | max_len = 1056 | ay = 128.000000 | nb_line = 416
Right - degrees = 189.375000
RIGHT - Enter in find_h
degrees2 = 189.375000
ax = 752.910571 | max_len = 1056 | ay = 128.000000 | nb_line = 416
Right - degrees = 189.281250
RIGHT - Enter in find_h
degrees2 = 189.281250
ax = 753.907069 | max_len = 1056 | ay = 128.000000 | nb_line = 416
Right - degrees = 189.187500
RIGHT - Enter in find_h
degrees2 = 189.187500
ax = 754.923724 | max_len = 1056 | ay = 128.000000 | nb_line = 416
Right - degrees = 189.093750
RIGHT - Enter in find_h
degrees2 = 189.093750
ax = 755.961159 | max_len = 1056 | ay = 128.000000 | nb_line = 416
Right - degrees = 189.000000
RIGHT - Enter in find_h
degrees2 = 189.000000
ax = 757.020024 | max_len = 1056 | ay = 128.000000 | nb_line = 416
Right - degrees = 188.906250
RIGHT - Enter in find_h
degrees2 = 188.906250
ax = 758.100995 | max_len = 1056 | ay = 128.000000 | nb_line = 416
Right - degrees = 188.812500
RIGHT - Enter in find_h
degrees2 = 188.812500
ax = 759.204778 | max_len = 1056 | ay = 128.000000 | nb_line = 416
Right - degrees = 188.718750
RIGHT - Enter in find_h
degrees2 = 188.718750
ax = 760.332109 | max_len = 1056 | ay = 128.000000 | nb_line = 416
Right - degrees = 188.625000
RIGHT - Enter in find_h
degrees2 = 188.625000
ax = 761.483756 | max_len = 1056 | ay = 128.000000 | nb_line = 416
Right - degrees = 188.531250
RIGHT - Enter in find_h
degrees2 = 188.531250
ax = 762.660520 | max_len = 1056 | ay = 128.000000 | nb_line = 416
Right - degrees = 188.437500
RIGHT - Enter in find_h
degrees2 = 188.437500
ax = 763.863238 | max_len = 1056 | ay = 128.000000 | nb_line = 416
Right - degrees = 188.343750
RIGHT - Enter in find_h
degrees2 = 188.343750
ax = 765.092787 | max_len = 1056 | ay = 128.000000 | nb_line = 416
Right - degrees = 188.250000
RIGHT - Enter in find_h
degrees2 = 188.250000
ax = 766.350079 | max_len = 1056 | ay = 128.000000 | nb_line = 416
Right - degrees = 188.156250
RIGHT - Enter in find_h
degrees2 = 188.156250
ax = 767.636073 | max_len = 1056 | ay = 128.000000 | nb_line = 416
Right - degrees = 188.062500
RIGHT - Enter in find_h
degrees2 = 188.062500
ax = 768.951768 | max_len = 1056 | ay = 128.000000 | nb_line = 416
Right - degrees = 187.968750
RIGHT - Enter in find_h
degrees2 = 187.968750
ax = 770.298214 | max_len = 1056 | ay = 128.000000 | nb_line = 416
Right - degrees = 187.875000
RIGHT - Enter in find_h
degrees2 = 187.875000
ax = 771.676510 | max_len = 1056 | ay = 128.000000 | nb_line = 416
Right - degrees = 187.781250
RIGHT - Enter in find_h
degrees2 = 187.781250
ax = 773.087805 | max_len = 1056 | ay = 128.000000 | nb_line = 416
Right - degrees = 187.687500
RIGHT - Enter in find_h
degrees2 = 187.687500
ax = 774.533307 | max_len = 1056 | ay = 128.000000 | nb_line = 416
Right - degrees = 187.593750
RIGHT - Enter in find_h
degrees2 = 187.593750
ax = 776.014284 | max_len = 1056 | ay = 128.000000 | nb_line = 416
Right - degrees = 187.500000
RIGHT - Enter in find_h
degrees2 = 187.500000
ax = 777.532066 | max_len = 1056 | ay = 128.000000 | nb_line = 416
Right - degrees = 187.406250
RIGHT - Enter in find_h
degrees2 = 187.406250
ax = 779.088050 | max_len = 1056 | ay = 128.000000 | nb_line = 416
Right - degrees = 187.312500
RIGHT - Enter in find_h
degrees2 = 187.312500
ax = 780.683706 | max_len = 1056 | ay = 128.000000 | nb_line = 416
Right - degrees = 187.218750
RIGHT - Enter in find_h
degrees2 = 187.218750
ax = 782.320579 | max_len = 1056 | ay = 128.000000 | nb_line = 416
Right - degrees = 187.125000
RIGHT - Enter in find_h
degrees2 = 187.125000
ax = 784.000297 | max_len = 1056 | ay = 128.000000 | nb_line = 416
Right - degrees = 187.031250
RIGHT - Enter in find_h
degrees2 = 187.031250
ax = 785.724573 | max_len = 1056 | ay = 128.000000 | nb_line = 416
Right - degrees = 186.937500
RIGHT - Enter in find_h
degrees2 = 186.937500
ax = 787.495214 | max_len = 1056 | ay = 128.000000 | nb_line = 416
Right - degrees = 186.843750
RIGHT - Enter in find_h
degrees2 = 186.843750
ax = 789.314125 | max_len = 1056 | ay = 128.000000 | nb_line = 416
Right - degrees = 186.750000
RIGHT - Enter in find_h
degrees2 = 186.750000
ax = 791.183317 | max_len = 1056 | ay = 128.000000 | nb_line = 416
Right - degrees = 186.656250
RIGHT - Enter in find_h
degrees2 = 186.656250
ax = 793.104916 | max_len = 1056 | ay = 128.000000 | nb_line = 416
Right - degrees = 186.562500
RIGHT - Enter in find_h
degrees2 = 186.562500
ax = 795.081167 | max_len = 1056 | ay = 128.000000 | nb_line = 416
Right - degrees = 186.468750
RIGHT - Enter in find_h
degrees2 = 186.468750
ax = 797.114446 | max_len = 1056 | ay = 128.000000 | nb_line = 416
Right - degrees = 186.375000
RIGHT - Enter in find_h
degrees2 = 186.375000
ax = 799.207270 | max_len = 1056 | ay = 128.000000 | nb_line = 416
Right - degrees = 186.281250
RIGHT - Enter in find_h
degrees2 = 186.281250
ax = 801.362304 | max_len = 1056 | ay = 128.000000 | nb_line = 416
Right - degrees = 186.187500
RIGHT - Enter in find_h
degrees2 = 186.187500
ax = 803.582376 | max_len = 1056 | ay = 128.000000 | nb_line = 416
Right - degrees = 186.093750
RIGHT - Enter in find_h
degrees2 = 186.093750
ax = 805.870489 | max_len = 1056 | ay = 128.000000 | nb_line = 416
Right - degrees = 186.000000
RIGHT - Enter in find_h
degrees2 = 186.000000
ax = 808.229831 | max_len = 1056 | ay = 128.000000 | nb_line = 416
Right - degrees = 185.906250
RIGHT - Enter in find_h
degrees2 = 185.906250
ax = 810.663795 | max_len = 1056 | ay = 128.000000 | nb_line = 416
Right - degrees = 185.812500
RIGHT - Enter in find_h
degrees2 = 185.812500
ax = 813.175991 | max_len = 1056 | ay = 128.000000 | nb_line = 416
Right - degrees = 185.718750
RIGHT - Enter in find_h
degrees2 = 185.718750
ax = 815.770267 | max_len = 1056 | ay = 128.000000 | nb_line = 416
Right - degrees = 185.625000
RIGHT - Enter in find_h
degrees2 = 185.625000
ax = 818.450726 | max_len = 1056 | ay = 128.000000 | nb_line = 416
Right - degrees = 185.531250
RIGHT - Enter in find_h
degrees2 = 185.531250
ax = 821.221752 | max_len = 1056 | ay = 128.000000 | nb_line = 416
Right - degrees = 185.437500
RIGHT - Enter in find_h
degrees2 = 185.437500
ax = 824.088028 | max_len = 1056 | ay = 128.000000 | nb_line = 416
Right - degrees = 185.343750
RIGHT - Enter in find_h
degrees2 = 185.343750
ax = 827.054568 | max_len = 1056 | ay = 128.000000 | nb_line = 416
Right - degrees = 185.250000
RIGHT - Enter in find_h
degrees2 = 185.250000
ax = 830.126743 | max_len = 1056 | ay = 128.000000 | nb_line = 416
Right - degrees = 185.156250
RIGHT - Enter in find_h
degrees2 = 185.156250
ax = 833.310315 | max_len = 1056 | ay = 128.000000 | nb_line = 416
Right - degrees = 185.062500
RIGHT - Enter in find_h
degrees2 = 185.062500
ax = 836.611473 | max_len = 1056 | ay = 128.000000 | nb_line = 416
Right - degrees = 184.968750
RIGHT - Enter in find_h
degrees2 = 184.968750
ax = 840.036873 | max_len = 1056 | ay = 128.000000 | nb_line = 416
Right - degrees = 184.875000
RIGHT - Enter in find_h
degrees2 = 184.875000
ax = 843.593682 | max_len = 1056 | ay = 128.000000 | nb_line = 416
Right - degrees = 184.781250
RIGHT - Enter in find_h
degrees2 = 184.781250
ax = 847.289630 | max_len = 1056 | ay = 128.000000 | nb_line = 416
Right - degrees = 184.687500
RIGHT - Enter in find_h
degrees2 = 184.687500
ax = 851.133067 | max_len = 1056 | ay = 128.000000 | nb_line = 416
Right - degrees = 184.593750
RIGHT - Enter in find_h
degrees2 = 184.593750
ax = 855.133021 | max_len = 1056 | ay = 128.000000 | nb_line = 416
Right - degrees = 184.500000
RIGHT - Enter in find_h
degrees2 = 184.500000
ax = 859.299276 | max_len = 1056 | ay = 128.000000 | nb_line = 416
Right - degrees = 184.406250
RIGHT - Enter in find_h
degrees2 = 184.406250
ax = 863.642445 | max_len = 1056 | ay = 128.000000 | nb_line = 416
Right - degrees = 184.312500
RIGHT - Enter in find_h
degrees2 = 184.312500
ax = 868.174068 | max_len = 1056 | ay = 128.000000 | nb_line = 416
Right - degrees = 184.218750
RIGHT - Enter in find_h
degrees2 = 184.218750
ax = 872.906708 | max_len = 1056 | ay = 128.000000 | nb_line = 416
Right - degrees = 184.125000
RIGHT - Enter in find_h
degrees2 = 184.125000
ax = 877.854070 | max_len = 1056 | ay = 128.000000 | nb_line = 416
Right - degrees = 184.031250
RIGHT - Enter in find_h
degrees2 = 184.031250
ax = 883.031135 | max_len = 1056 | ay = 128.000000 | nb_line = 416
Right - degrees = 183.937500
RIGHT - Enter in find_h
degrees2 = 183.937500
ax = 888.454311 | max_len = 1056 | ay = 128.000000 | nb_line = 416
Right - degrees = 183.843750
RIGHT - Enter in find_h
degrees2 = 183.843750
ax = 894.141605 | max_len = 1056 | ay = 128.000000 | nb_line = 416
Right - degrees = 183.750000
RIGHT - Enter in find_h
degrees2 = 183.750000
ax = 900.112827 | max_len = 1056 | ay = 128.000000 | nb_line = 416
Right - degrees = 183.656250
RIGHT - Enter in find_h
degrees2 = 183.656250
ax = 906.389817 | max_len = 1056 | ay = 128.000000 | nb_line = 416
Right - degrees = 183.562500
RIGHT - Enter in find_h
degrees2 = 183.562500
ax = 912.996715 | max_len = 1056 | ay = 128.000000 | nb_line = 416
Right - degrees = 183.468750
RIGHT - Enter in find_h
degrees2 = 183.468750
ax = 919.960270 | max_len = 1056 | ay = 128.000000 | nb_line = 416
Right - degrees = 183.375000
RIGHT - Enter in find_h
degrees2 = 183.375000
ax = 927.310204 | max_len = 1056 | ay = 128.000000 | nb_line = 416
Right - degrees = 183.281250
RIGHT - Enter in find_h
degrees2 = 183.281250
ax = 935.079635 | max_len = 1056 | ay = 128.000000 | nb_line = 416
Right - degrees = 183.187500
RIGHT - Enter in find_h
degrees2 = 183.187500
ax = 943.305577 | max_len = 1056 | ay = 128.000000 | nb_line = 416
Right - degrees = 183.093750
RIGHT - Enter in find_h
degrees2 = 183.093750
ax = 952.029531 | max_len = 1056 | ay = 128.000000 | nb_line = 416
Right - degrees = 183.000000
RIGHT - Enter in find_h
degrees2 = 183.000000
ax = 961.298187 | max_len = 1056 | ay = 128.000000 | nb_line = 416
Right - degrees = 182.906250
RIGHT - Enter in find_h
degrees2 = 182.906250
ax = 971.164257 | max_len = 1056 | ay = 128.000000 | nb_line = 416
Right - degrees = 182.812500
RIGHT - Enter in find_h
degrees2 = 182.812500
ax = 981.687482 | max_len = 1056 | ay = 128.000000 | nb_line = 416
Right - degrees = 182.718750
RIGHT - Enter in find_h
degrees2 = 182.718750
ax = 992.935845 | max_len = 1056 | ay = 128.000000 | nb_line = 416
Right - degrees = 182.625000
RIGHT - Enter in find_h
degrees2 = 182.625000
ax = 1004.987038 | max_len = 1056 | ay = 128.000000 | nb_line = 416
Right - degrees = 182.531250
RIGHT - Enter in find_h
degrees2 = 182.531250
ax = 1017.930265 | max_len = 1056 | ay = 128.000000 | nb_line = 416
Right - degrees = 182.437500
RIGHT - Enter in find_h
degrees2 = 182.437500
ax = 1031.868453 | max_len = 1056 | ay = 128.000000 | nb_line = 416
Right - degrees = 182.343750
RIGHT - Enter in find_h
degrees2 = 182.343750
ax = 1046.920998 | max_len = 1056 | ay = 128.000000 | nb_line = 416
Right - degrees = 182.250000
RIGHT - Enter in find_h
degrees2 = 182.250000
ax = 1063.227193 | max_len = 1056 | ay = 128.000000 | nb_line = 416
Right - degrees = 182.156250
RIGHT - Enter in find_h
degrees2 = 182.156250
ax = 1080.950560 | max_len = 1056 | ay = 128.000000 | nb_line = 416
Right - degrees = 182.062500
RIGHT - Enter in find_h
degrees2 = 182.062500
ax = 1100.284347 | max_len = 1056 | ay = 128.000000 | nb_line = 416
Right - degrees = 181.968750
RIGHT - Enter in find_h
degrees2 = 181.968750
ax = 1121.458617 | max_len = 1056 | ay = 128.000000 | nb_line = 416
Right - degrees = 181.875000
RIGHT - Enter in find_h
degrees2 = 181.875000
ax = 1144.749440 | max_len = 1056 | ay = 128.000000 | nb_line = 416
Right - degrees = 181.781250
RIGHT - Enter in find_h
degrees2 = 181.781250
ax = 1170.491010 | max_len = 1056 | ay = 128.000000 | nb_line = 416
Right - degrees = 181.687500
RIGHT - Enter in find_h
degrees2 = 181.687500
ax = 1199.091784 | max_len = 1056 | ay = 128.000000 | nb_line = 416
Right - degrees = 181.593750
RIGHT - Enter in find_h
degrees2 = 181.593750
ax = 1231.056328 | max_len = 1056 | ay = 128.000000 | nb_line = 416
Right - degrees = 181.500000
RIGHT - Enter in find_h
degrees2 = 181.500000
ax = 1267.015349 | max_len = 1056 | ay = 128.000000 | nb_line = 416
Right - degrees = 181.406250
RIGHT - Enter in find_h
degrees2 = 181.406250
ax = 1307.767742 | max_len = 1056 | ay = 128.000000 | nb_line = 416
Right - degrees = 181.312500
RIGHT - Enter in find_h
degrees2 = 181.312500
ax = 1354.340659 | max_len = 1056 | ay = 128.000000 | nb_line = 416
Right - degrees = 181.218750
RIGHT - Enter in find_h
degrees2 = 181.218750
ax = 1408.077297 | max_len = 1056 | ay = 128.000000 | nb_line = 416
Right - degrees = 181.125000
RIGHT - Enter in find_h
degrees2 = 181.125000
ax = 1470.768586 | max_len = 1056 | ay = 128.000000 | nb_line = 416
Right - degrees = 181.031250
RIGHT - Enter in find_h
degrees2 = 181.031250
ax = 1544.856705 | max_len = 1056 | ay = 128.000000 | nb_line = 416
Right - degrees = 180.937500
RIGHT - Enter in find_h
degrees2 = 180.937500
Right - degrees = 180.843750
RIGHT - Enter in find_h
degrees2 = 180.843750
Right - degrees = 180.750000
RIGHT - Enter in find_h
degrees2 = 180.750000
Right - degrees = 180.656250
RIGHT - Enter in find_h
degrees2 = 180.656250
Right - degrees = 180.562500
RIGHT - Enter in find_h
degrees2 = 180.562500
Right - degrees = 180.468750
RIGHT - Enter in find_h
degrees2 = 180.468750
Right - degrees = 180.375000
RIGHT - Enter in find_h
degrees2 = 180.375000
Right - degrees = 180.281250
RIGHT - Enter in find_h
degrees2 = 180.281250
Right - degrees = 180.187500
RIGHT - Enter in find_h
degrees2 = 180.187500
Right - degrees = 180.093750
RIGHT - Enter in find_h
degrees2 = 180.093750
Right - degrees = 180.000000
RIGHT - Enter in find_h
degrees2 = 180.000000
Right - degrees = 179.906250
RIGHT - Enter in find_h
degrees2 = 179.906250
Right - degrees = 179.812500
RIGHT - Enter in find_h
degrees2 = 179.812500
ax = 5545.225454 | max_len = 1056 | ay = 95.999990 | nb_line = 416
Right - degrees = 179.718750
RIGHT - Enter in find_h
degrees2 = 179.718750
ax = 3915.469092 | max_len = 1056 | ay = 95.999990 | nb_line = 416
Right - degrees = 179.625000
RIGHT - Enter in find_h
degrees2 = 179.625000
ax = 3100.586547 | max_len = 1056 | ay = 95.999990 | nb_line = 416
Right - degrees = 179.531250
RIGHT - Enter in find_h
degrees2 = 179.531250
ax = 2611.653530 | max_len = 1056 | ay = 95.999990 | nb_line = 416
Right - degrees = 179.437500
RIGHT - Enter in find_h
degrees2 = 179.437500
ax = 2285.695276 | max_len = 1056 | ay = 95.999990 | nb_line = 416
Right - degrees = 179.343750
RIGHT - Enter in find_h
degrees2 = 179.343750
ax = 2052.865458 | max_len = 1056 | ay = 95.999990 | nb_line = 416
Right - degrees = 179.250000
RIGHT - Enter in find_h
degrees2 = 179.250000
ax = 1878.240913 | max_len = 1056 | ay = 95.999990 | nb_line = 416
Right - degrees = 179.156250
RIGHT - Enter in find_h
degrees2 = 179.156250
ax = 1742.419883 | max_len = 1056 | ay = 95.999990 | nb_line = 416
Right - degrees = 179.062500
RIGHT - Enter in find_h
degrees2 = 179.062500
ax = 1633.761313 | max_len = 1056 | ay = 95.999990 | nb_line = 416
Right - degrees = 178.968750
RIGHT - Enter in find_h
degrees2 = 178.968750
ax = 1544.857261 | max_len = 1056 | ay = 95.999990 | nb_line = 416
Right - degrees = 178.875000
RIGHT - Enter in find_h
degrees2 = 178.875000
ax = 1470.769095 | max_len = 1056 | ay = 95.999990 | nb_line = 416
Right - degrees = 178.781250
RIGHT - Enter in find_h
degrees2 = 178.781250
ax = 1408.077767 | max_len = 1056 | ay = 95.999990 | nb_line = 416
Right - degrees = 178.687500
RIGHT - Enter in find_h
degrees2 = 178.687500
ax = 1354.341095 | max_len = 1056 | ay = 95.999990 | nb_line = 416
Right - degrees = 178.593750
RIGHT - Enter in find_h
degrees2 = 178.593750
ax = 1307.768149 | max_len = 1056 | ay = 95.999990 | nb_line = 416
Right - degrees = 178.500000
RIGHT - Enter in find_h
degrees2 = 178.500000
ax = 1267.015731 | max_len = 1056 | ay = 95.999990 | nb_line = 416
Right - degrees = 178.406250
RIGHT - Enter in find_h
degrees2 = 178.406250
ax = 1231.056687 | max_len = 1056 | ay = 95.999990 | nb_line = 416
Right - degrees = 178.312500
RIGHT - Enter in find_h
degrees2 = 178.312500
ax = 1199.092123 | max_len = 1056 | ay = 95.999990 | nb_line = 416
Right - degrees = 178.218750
RIGHT - Enter in find_h
degrees2 = 178.218750
ax = 1170.491331 | max_len = 1056 | ay = 95.999990 | nb_line = 416
Right - degrees = 178.125000
RIGHT - Enter in find_h
degrees2 = 178.125000
ax = 1144.749745 | max_len = 1056 | ay = 95.999990 | nb_line = 416
Right - degrees = 178.031250
RIGHT - Enter in find_h
degrees2 = 178.031250
ax = 1121.458908 | max_len = 1056 | ay = 95.999990 | nb_line = 416
Right - degrees = 177.937500
RIGHT - Enter in find_h
degrees2 = 177.937500
ax = 1100.284625 | max_len = 1056 | ay = 95.999990 | nb_line = 416
Right - degrees = 177.843750
RIGHT - Enter in find_h
degrees2 = 177.843750
ax = 1080.950825 | max_len = 1056 | ay = 95.999990 | nb_line = 416
Right - degrees = 177.750000
RIGHT - Enter in find_h
degrees2 = 177.750000
ax = 1063.227448 | max_len = 1056 | ay = 95.999990 | nb_line = 416
Right - degrees = 177.656250
RIGHT - Enter in find_h
degrees2 = 177.656250
ax = 1046.921242 | max_len = 1056 | ay = 95.999990 | nb_line = 416
Right - degrees = 177.562500
RIGHT - Enter in find_h
degrees2 = 177.562500
ax = 1031.868688 | max_len = 1056 | ay = 95.999990 | nb_line = 416
Right - degrees = 177.468750
RIGHT - Enter in find_h
degrees2 = 177.468750
ax = 1017.930491 | max_len = 1056 | ay = 95.999990 | nb_line = 416
Right - degrees = 177.375000
RIGHT - Enter in find_h
degrees2 = 177.375000
ax = 1004.987256 | max_len = 1056 | ay = 95.999990 | nb_line = 416
Right - degrees = 177.281250
RIGHT - Enter in find_h
degrees2 = 177.281250
ax = 992.936055 | max_len = 1056 | ay = 95.999990 | nb_line = 416
Right - degrees = 177.187500
RIGHT - Enter in find_h
degrees2 = 177.187500
ax = 981.687686 | max_len = 1056 | ay = 95.999990 | nb_line = 416
Right - degrees = 177.093750
RIGHT - Enter in find_h
degrees2 = 177.093750
ax = 971.164454 | max_len = 1056 | ay = 95.999990 | nb_line = 416
Right - degrees = 177.000000
RIGHT - Enter in find_h
degrees2 = 177.000000
ax = 961.298378 | max_len = 1056 | ay = 95.999990 | nb_line = 416
Right - degrees = 176.906250
RIGHT - Enter in find_h
degrees2 = 176.906250
ax = 952.029716 | max_len = 1056 | ay = 95.999990 | nb_line = 416
Right - degrees = 176.812500
RIGHT - Enter in find_h
degrees2 = 176.812500
ax = 943.305757 | max_len = 1056 | ay = 95.999990 | nb_line = 416
Right - degrees = 176.718750
RIGHT - Enter in find_h
degrees2 = 176.718750
ax = 935.079809 | max_len = 1056 | ay = 95.999990 | nb_line = 416
Right - degrees = 176.625000
RIGHT - Enter in find_h
degrees2 = 176.625000
ax = 927.310374 | max_len = 1056 | ay = 95.999990 | nb_line = 416
Right - degrees = 176.531250
RIGHT - Enter in find_h
degrees2 = 176.531250
ax = 919.960435 | max_len = 1056 | ay = 95.999990 | nb_line = 416
Right - degrees = 176.437500
RIGHT - Enter in find_h
degrees2 = 176.437500
ax = 912.996876 | max_len = 1056 | ay = 95.999990 | nb_line = 416
Right - degrees = 176.343750
RIGHT - Enter in find_h
degrees2 = 176.343750
ax = 906.389974 | max_len = 1056 | ay = 95.999990 | nb_line = 416
Right - degrees = 176.250000
RIGHT - Enter in find_h
degrees2 = 176.250000
ax = 900.112980 | max_len = 1056 | ay = 95.999990 | nb_line = 416
Right - degrees = 176.156250
RIGHT - Enter in find_h
degrees2 = 176.156250
ax = 894.141754 | max_len = 1056 | ay = 95.999990 | nb_line = 416
Right - degrees = 176.062500
RIGHT - Enter in find_h
degrees2 = 176.062500
ax = 888.454456 | max_len = 1056 | ay = 95.999990 | nb_line = 416
Right - degrees = 175.968750
RIGHT - Enter in find_h
degrees2 = 175.968750
ax = 883.031277 | max_len = 1056 | ay = 95.999990 | nb_line = 416
Right - degrees = 175.875000
RIGHT - Enter in find_h
degrees2 = 175.875000
ax = 877.854209 | max_len = 1056 | ay = 95.999990 | nb_line = 416
Right - degrees = 175.781250
RIGHT - Enter in find_h
degrees2 = 175.781250
ax = 872.906843 | max_len = 1056 | ay = 95.999990 | nb_line = 416
Right - degrees = 175.687500
RIGHT - Enter in find_h
degrees2 = 175.687500
ax = 868.174201 | max_len = 1056 | ay = 95.999990 | nb_line = 416
Right - degrees = 175.593750
RIGHT - Enter in find_h
degrees2 = 175.593750
ax = 863.642575 | max_len = 1056 | ay = 95.999990 | nb_line = 416
Right - degrees = 175.500000
RIGHT - Enter in find_h
degrees2 = 175.500000
ax = 859.299403 | max_len = 1056 | ay = 95.999990 | nb_line = 416
Right - degrees = 175.406250
RIGHT - Enter in find_h
degrees2 = 175.406250
ax = 855.133146 | max_len = 1056 | ay = 95.999990 | nb_line = 416
Right - degrees = 175.312500
RIGHT - Enter in find_h
degrees2 = 175.312500
ax = 851.133189 | max_len = 1056 | ay = 95.999990 | nb_line = 416
Right - degrees = 175.218750
RIGHT - Enter in find_h
degrees2 = 175.218750
ax = 847.289750 | max_len = 1056 | ay = 95.999990 | nb_line = 416
Right - degrees = 175.125000
RIGHT - Enter in find_h
degrees2 = 175.125000
ax = 843.593799 | max_len = 1056 | ay = 95.999990 | nb_line = 416
Right - degrees = 175.031250
RIGHT - Enter in find_h
degrees2 = 175.031250
ax = 840.036988 | max_len = 1056 | ay = 95.999990 | nb_line = 416
Right - degrees = 174.937500
RIGHT - Enter in find_h
degrees2 = 174.937500
ax = 836.611586 | max_len = 1056 | ay = 95.999990 | nb_line = 416
Right - degrees = 174.843750
RIGHT - Enter in find_h
degrees2 = 174.843750
ax = 833.310426 | max_len = 1056 | ay = 95.999990 | nb_line = 416
Right - degrees = 174.750000
RIGHT - Enter in find_h
degrees2 = 174.750000
ax = 830.126852 | max_len = 1056 | ay = 95.999990 | nb_line = 416
Right - degrees = 174.656250
RIGHT - Enter in find_h
degrees2 = 174.656250
ax = 827.054675 | max_len = 1056 | ay = 95.999990 | nb_line = 416
Right - degrees = 174.562500
RIGHT - Enter in find_h
degrees2 = 174.562500
ax = 824.088133 | max_len = 1056 | ay = 95.999990 | nb_line = 416
Right - degrees = 174.468750
RIGHT - Enter in find_h
degrees2 = 174.468750
ax = 821.221855 | max_len = 1056 | ay = 95.999990 | nb_line = 416
Right - degrees = 174.375000
RIGHT - Enter in find_h
degrees2 = 174.375000
ax = 818.450828 | max_len = 1056 | ay = 95.999990 | nb_line = 416
Right - degrees = 174.281250
RIGHT - Enter in find_h
degrees2 = 174.281250
ax = 815.770367 | max_len = 1056 | ay = 95.999990 | nb_line = 416
Right - degrees = 174.187500
RIGHT - Enter in find_h
degrees2 = 174.187500
ax = 813.176089 | max_len = 1056 | ay = 95.999990 | nb_line = 416
Right - degrees = 174.093750
RIGHT - Enter in find_h
degrees2 = 174.093750
ax = 810.663892 | max_len = 1056 | ay = 95.999990 | nb_line = 416
Right - degrees = 174.000000
RIGHT - Enter in find_h
degrees2 = 174.000000
ax = 808.229926 | max_len = 1056 | ay = 95.999990 | nb_line = 416
Right - degrees = 173.906250
RIGHT - Enter in find_h
degrees2 = 173.906250
ax = 805.870583 | max_len = 1056 | ay = 95.999990 | nb_line = 416
Right - degrees = 173.812500
RIGHT - Enter in find_h
degrees2 = 173.812500
ax = 803.582469 | max_len = 1056 | ay = 95.999990 | nb_line = 416
Right - degrees = 173.718750
RIGHT - Enter in find_h
degrees2 = 173.718750
ax = 801.362395 | max_len = 1056 | ay = 95.999990 | nb_line = 416
Right - degrees = 173.625000
RIGHT - Enter in find_h
degrees2 = 173.625000
ax = 799.207359 | max_len = 1056 | ay = 95.999990 | nb_line = 416
Right - degrees = 173.531250
RIGHT - Enter in find_h
degrees2 = 173.531250
ax = 797.114534 | max_len = 1056 | ay = 95.999990 | nb_line = 416
Right - degrees = 173.437500
RIGHT - Enter in find_h
degrees2 = 173.437500
ax = 795.081254 | max_len = 1056 | ay = 95.999990 | nb_line = 416
Right - degrees = 173.343750
RIGHT - Enter in find_h
degrees2 = 173.343750
ax = 793.105002 | max_len = 1056 | ay = 95.999990 | nb_line = 416
Right - degrees = 173.250000
RIGHT - Enter in find_h
degrees2 = 173.250000
ax = 791.183402 | max_len = 1056 | ay = 95.999990 | nb_line = 416
Right - degrees = 173.156250
RIGHT - Enter in find_h
degrees2 = 173.156250
ax = 789.314208 | max_len = 1056 | ay = 95.999990 | nb_line = 416
Right - degrees = 173.062500
RIGHT - Enter in find_h
degrees2 = 173.062500
ax = 787.495296 | max_len = 1056 | ay = 95.999990 | nb_line = 416
Right - degrees = 172.968750
RIGHT - Enter in find_h
degrees2 = 172.968750
ax = 785.724654 | max_len = 1056 | ay = 95.999990 | nb_line = 416
Right - degrees = 172.875000
RIGHT - Enter in find_h
degrees2 = 172.875000
ax = 784.000377 | max_len = 1056 | ay = 95.999990 | nb_line = 416
Right - degrees = 172.781250
RIGHT - Enter in find_h
degrees2 = 172.781250
ax = 782.320658 | max_len = 1056 | ay = 95.999990 | nb_line = 416
Right - degrees = 172.687500
RIGHT - Enter in find_h
degrees2 = 172.687500
ax = 780.683784 | max_len = 1056 | ay = 95.999990 | nb_line = 416
Right - degrees = 172.593750
RIGHT - Enter in find_h
degrees2 = 172.593750
ax = 779.088127 | max_len = 1056 | ay = 95.999990 | nb_line = 416
Right - degrees = 172.500000
RIGHT - Enter in find_h
degrees2 = 172.500000
ax = 777.532142 | max_len = 1056 | ay = 95.999990 | nb_line = 416
Right - degrees = 172.406250
RIGHT - Enter in find_h
degrees2 = 172.406250
ax = 776.014359 | max_len = 1056 | ay = 95.999990 | nb_line = 416
Right - degrees = 172.312500
RIGHT - Enter in find_h
degrees2 = 172.312500
ax = 774.533381 | max_len = 1056 | ay = 95.999990 | nb_line = 416
Right - degrees = 172.218750
RIGHT - Enter in find_h
degrees2 = 172.218750
ax = 773.087878 | max_len = 1056 | ay = 95.999990 | nb_line = 416
Right - degrees = 172.125000
RIGHT - Enter in find_h
degrees2 = 172.125000
ax = 771.676582 | max_len = 1056 | ay = 95.999990 | nb_line = 416
Right - degrees = 172.031250
RIGHT - Enter in find_h
degrees2 = 172.031250
ax = 770.298286 | max_len = 1056 | ay = 95.999990 | nb_line = 416
Right - degrees = 171.937500
RIGHT - Enter in find_h
degrees2 = 171.937500
ax = 768.951839 | max_len = 1056 | ay = 95.999990 | nb_line = 416
Right - degrees = 171.843750
RIGHT - Enter in find_h
degrees2 = 171.843750
ax = 767.636142 | max_len = 1056 | ay = 95.999990 | nb_line = 416
Right - degrees = 171.750000
RIGHT - Enter in find_h
degrees2 = 171.750000
ax = 766.350148 | max_len = 1056 | ay = 95.999990 | nb_line = 416
Right - degrees = 171.656250
RIGHT - Enter in find_h
degrees2 = 171.656250
ax = 765.092855 | max_len = 1056 | ay = 95.999990 | nb_line = 416
Right - degrees = 171.562500
RIGHT - Enter in find_h
degrees2 = 171.562500
ax = 763.863306 | max_len = 1056 | ay = 95.999990 | nb_line = 416
Right - degrees = 171.468750
RIGHT - Enter in find_h
degrees2 = 171.468750
ax = 762.660587 | max_len = 1056 | ay = 95.999990 | nb_line = 416
Right - degrees = 171.375000
RIGHT - Enter in find_h
degrees2 = 171.375000
ax = 761.483822 | max_len = 1056 | ay = 95.999990 | nb_line = 416
Right - degrees = 171.281250
RIGHT - Enter in find_h
degrees2 = 171.281250
ax = 760.332175 | max_len = 1056 | ay = 95.999990 | nb_line = 416
Right - degrees = 171.187500
RIGHT - Enter in find_h
degrees2 = 171.187500
ax = 759.204843 | max_len = 1056 | ay = 95.999990 | nb_line = 416
Right - degrees = 171.093750
RIGHT - Enter in find_h
degrees2 = 171.093750
ax = 758.101059 | max_len = 1056 | ay = 95.999990 | nb_line = 416
Right - degrees = 171.000000
RIGHT - Enter in find_h
degrees2 = 171.000000
ax = 757.020087 | max_len = 1056 | ay = 95.999990 | nb_line = 416
Right - degrees = 170.906250
RIGHT - Enter in find_h
degrees2 = 170.906250
ax = 755.961222 | max_len = 1056 | ay = 95.999990 | nb_line = 416
Right - degrees = 170.812500
RIGHT - Enter in find_h
degrees2 = 170.812500
ax = 754.923786 | max_len = 1056 | ay = 95.999990 | nb_line = 416
Right - degrees = 170.718750
RIGHT - Enter in find_h
degrees2 = 170.718750
ax = 753.907130 | max_len = 1056 | ay = 95.999990 | nb_line = 416
Right - degrees = 170.625000
RIGHT - Enter in find_h
degrees2 = 170.625000
ax = 752.910631 | max_len = 1056 | ay = 95.999990 | nb_line = 416
Right - degrees = 170.531250
RIGHT - Enter in find_h
degrees2 = 170.531250
ax = 751.933690 | max_len = 1056 | ay = 95.999990 | nb_line = 416
Right - degrees = 170.437500
RIGHT - Enter in find_h
degrees2 = 170.437500
ax = 750.975732 | max_len = 1056 | ay = 95.999990 | nb_line = 416
Right - degrees = 170.343750
RIGHT - Enter in find_h
degrees2 = 170.343750
ax = 750.036204 | max_len = 1056 | ay = 95.999990 | nb_line = 416
Right - degrees = 170.250000
RIGHT - Enter in find_h
degrees2 = 170.250000
ax = 749.114573 | max_len = 1056 | ay = 95.999990 | nb_line = 416
Right - degrees = 170.156250
RIGHT - Enter in find_h
degrees2 = 170.156250
ax = 748.210330 | max_len = 1056 | ay = 95.999990 | nb_line = 416
Right - degrees = 170.062500
RIGHT - Enter in find_h
degrees2 = 170.062500
ax = 747.322981 | max_len = 1056 | ay = 95.999990 | nb_line = 416
Right - degrees = 169.968750
RIGHT - Enter in find_h
degrees2 = 169.968750
ax = 746.452052 | max_len = 1056 | ay = 95.999990 | nb_line = 416
Right - degrees = 169.875000
RIGHT - Enter in find_h
degrees2 = 169.875000
ax = 745.597089 | max_len = 1056 | ay = 95.999990 | nb_line = 416
Right - degrees = 169.781250
RIGHT - Enter in find_h
degrees2 = 169.781250
ax = 744.757651 | max_len = 1056 | ay = 95.999990 | nb_line = 416
Right - degrees = 169.687500
RIGHT - Enter in find_h
degrees2 = 169.687500
ax = 743.933314 | max_len = 1056 | ay = 95.999990 | nb_line = 416
Right - degrees = 169.593750
RIGHT - Enter in find_h
degrees2 = 169.593750
ax = 743.123672 | max_len = 1056 | ay = 95.999990 | nb_line = 416
Right - degrees = 169.500000
RIGHT - Enter in find_h
degrees2 = 169.500000
ax = 742.328329 | max_len = 1056 | ay = 95.999990 | nb_line = 416
Right - degrees = 169.406250
RIGHT - Enter in find_h
degrees2 = 169.406250
ax = 741.546906 | max_len = 1056 | ay = 95.999990 | nb_line = 416
Right - degrees = 169.312500
RIGHT - Enter in find_h
degrees2 = 169.312500
ax = 740.779038 | max_len = 1056 | ay = 95.999990 | nb_line = 416
Right - degrees = 169.218750
RIGHT - Enter in find_h
degrees2 = 169.218750
ax = 740.024370 | max_len = 1056 | ay = 95.999990 | nb_line = 416
Right - degrees = 169.125000
RIGHT - Enter in find_h
degrees2 = 169.125000
ax = 739.282560 | max_len = 1056 | ay = 95.999990 | nb_line = 416
Right - degrees = 169.031250
RIGHT - Enter in find_h
degrees2 = 169.031250
ax = 738.553280 | max_len = 1056 | ay = 95.999990 | nb_line = 416
Right - degrees = 168.937500
RIGHT - Enter in find_h
degrees2 = 168.937500
ax = 737.836211 | max_len = 1056 | ay = 95.999990 | nb_line = 416
Right - degrees = 168.843750
RIGHT - Enter in find_h
degrees2 = 168.843750
ax = 737.131044 | max_len = 1056 | ay = 95.999990 | nb_line = 416
Right - degrees = 168.750000
RIGHT - Enter in find_h
degrees2 = 168.750000
ax = 736.437482 | max_len = 1056 | ay = 95.999990 | nb_line = 416
Right - degrees = 168.656250
RIGHT - Enter in find_h
degrees2 = 168.656250
ax = 735.755238 | max_len = 1056 | ay = 95.999990 | nb_line = 416
Right - degrees = 168.562500
RIGHT - Enter in find_h
degrees2 = 168.562500
ax = 735.084032 | max_len = 1056 | ay = 95.999990 | nb_line = 416
Right - degrees = 168.468750
RIGHT - Enter in find_h
degrees2 = 168.468750
ax = 734.423597 | max_len = 1056 | ay = 95.999990 | nb_line = 416
Right - degrees = 168.375000
RIGHT - Enter in find_h
degrees2 = 168.375000
ax = 733.773670 | max_len = 1056 | ay = 95.999990 | nb_line = 416
Right - degrees = 168.281250
RIGHT - Enter in find_h
degrees2 = 168.281250
ax = 733.134001 | max_len = 1056 | ay = 95.999990 | nb_line = 416
Right - degrees = 168.187500
RIGHT - Enter in find_h
degrees2 = 168.187500
ax = 732.504344 | max_len = 1056 | ay = 95.999990 | nb_line = 416
Right - degrees = 168.093750
RIGHT - Enter in find_h
degrees2 = 168.093750
ax = 731.884463 | max_len = 1056 | ay = 95.999990 | nb_line = 416
Right - degrees = 168.000000
RIGHT - Enter in find_h
degrees2 = 168.000000
ax = 731.274129 | max_len = 1056 | ay = 95.999990 | nb_line = 416
Right - degrees = 167.906250
RIGHT - Enter in find_h
degrees2 = 167.906250
ax = 730.673120 | max_len = 1056 | ay = 95.999990 | nb_line = 416
Right - degrees = 167.812500
RIGHT - Enter in find_h
degrees2 = 167.812500
ax = 730.081220 | max_len = 1056 | ay = 95.999990 | nb_line = 416
Right - degrees = 167.718750
RIGHT - Enter in find_h
degrees2 = 167.718750
ax = 729.498222 | max_len = 1056 | ay = 95.999990 | nb_line = 416
Right - degrees = 167.625000
RIGHT - Enter in find_h
degrees2 = 167.625000
ax = 728.923922 | max_len = 1056 | ay = 95.999990 | nb_line = 416
Right - degrees = 167.531250
RIGHT - Enter in find_h
degrees2 = 167.531250
ax = 728.358124 | max_len = 1056 | ay = 95.999990 | nb_line = 416
Right - degrees = 167.437500
RIGHT - Enter in find_h
degrees2 = 167.437500
ax = 727.800638 | max_len = 1056 | ay = 95.999990 | nb_line = 416
Right - degrees = 167.343750
RIGHT - Enter in find_h
degrees2 = 167.343750
ax = 727.251280 | max_len = 1056 | ay = 95.999990 | nb_line = 416
Right - degrees = 167.250000
RIGHT - Enter in find_h
degrees2 = 167.250000
ax = 726.709870 | max_len = 1056 | ay = 95.999990 | nb_line = 416
Right - degrees = 167.156250
RIGHT - Enter in find_h
degrees2 = 167.156250
ax = 726.176233 | max_len = 1056 | ay = 95.999990 | nb_line = 416
Right - degrees = 167.062500
RIGHT - Enter in find_h
degrees2 = 167.062500
ax = 725.650201 | max_len = 1056 | ay = 95.999990 | nb_line = 416
Right - degrees = 166.968750
RIGHT - Enter in find_h
degrees2 = 166.968750
ax = 725.131610 | max_len = 1056 | ay = 95.999990 | nb_line = 416
Right - degrees = 166.875000
RIGHT - Enter in find_h
degrees2 = 166.875000
ax = 724.620301 | max_len = 1056 | ay = 95.999990 | nb_line = 416
Right - degrees = 166.781250
RIGHT - Enter in find_h
degrees2 = 166.781250
ax = 724.116117 | max_len = 1056 | ay = 95.999990 | nb_line = 416
Right - degrees = 166.687500
RIGHT - Enter in find_h
degrees2 = 166.687500
ax = 723.618909 | max_len = 1056 | ay = 95.999990 | nb_line = 416
Right - degrees = 166.593750
RIGHT - Enter in find_h
degrees2 = 166.593750
ax = 723.128530 | max_len = 1056 | ay = 95.999990 | nb_line = 416
Right - degrees = 166.500000
RIGHT - Enter in find_h
degrees2 = 166.500000
ax = 722.644838 | max_len = 1056 | ay = 95.999990 | nb_line = 416
Right - degrees = 166.406250
RIGHT - Enter in find_h
degrees2 = 166.406250
ax = 722.167695 | max_len = 1056 | ay = 95.999990 | nb_line = 416
Right - degrees = 166.312500
RIGHT - Enter in find_h
degrees2 = 166.312500
ax = 721.696965 | max_len = 1056 | ay = 95.999990 | nb_line = 416
Right - degrees = 166.218750
RIGHT - Enter in find_h
degrees2 = 166.218750
ax = 721.232519 | max_len = 1056 | ay = 95.999990 | nb_line = 416
Right - degrees = 166.125000
RIGHT - Enter in find_h
degrees2 = 166.125000
ax = 720.774228 | max_len = 1056 | ay = 95.999990 | nb_line = 416
Right - degrees = 166.031250
RIGHT - Enter in find_h
degrees2 = 166.031250
ax = 720.321969 | max_len = 1056 | ay = 95.999990 | nb_line = 416
Right - degrees = 165.937500
RIGHT - Enter in find_h
degrees2 = 165.937500
ax = 719.875620 | max_len = 1056 | ay = 95.999990 | nb_line = 416
Right - degrees = 165.843750
RIGHT - Enter in find_h
degrees2 = 165.843750
ax = 719.435066 | max_len = 1056 | ay = 95.999990 | nb_line = 416
Right - degrees = 165.750000
RIGHT - Enter in find_h
degrees2 = 165.750000
ax = 719.000190 | max_len = 1056 | ay = 95.999990 | nb_line = 416
Right - degrees = 165.656250
RIGHT - Enter in find_h
degrees2 = 165.656250
ax = 718.570882 | max_len = 1056 | ay = 95.999990 | nb_line = 416
Right - degrees = 165.562500
RIGHT - Enter in find_h
degrees2 = 165.562500
ax = 718.147033 | max_len = 1056 | ay = 95.999990 | nb_line = 416
Right - degrees = 165.468750
RIGHT - Enter in find_h
degrees2 = 165.468750
ax = 717.728538 | max_len = 1056 | ay = 95.999990 | nb_line = 416
Right - degrees = 165.375000
RIGHT - Enter in find_h
degrees2 = 165.375000
ax = 717.315294 | max_len = 1056 | ay = 95.999990 | nb_line = 416
Right - degrees = 165.281250
RIGHT - Enter in find_h
degrees2 = 165.281250
ax = 716.907199 | max_len = 1056 | ay = 95.999990 | nb_line = 416
Right - degrees = 165.187500
RIGHT - Enter in find_h
degrees2 = 165.187500
ax = 716.504157 | max_len = 1056 | ay = 95.999990 | nb_line = 416
Right - degrees = 165.093750
RIGHT - Enter in find_h
degrees2 = 165.093750
ax = 716.106072 | max_len = 1056 | ay = 95.999990 | nb_line = 416
Right - degrees = 165.000000
RIGHT - Enter in find_h
degrees2 = 165.000000
ax = 715.712850 | max_len = 1056 | ay = 95.999990 | nb_line = 416
Right - degrees = 164.906250
RIGHT - Enter in find_h
degrees2 = 164.906250
ax = 715.324402 | max_len = 1056 | ay = 95.999990 | nb_line = 416
Right - degrees = 164.812500
RIGHT - Enter in find_h
degrees2 = 164.812500
ax = 714.940639 | max_len = 1056 | ay = 95.999990 | nb_line = 416
Right - degrees = 164.718750
RIGHT - Enter in find_h
degrees2 = 164.718750
ax = 714.561475 | max_len = 1056 | ay = 95.999990 | nb_line = 416
Right - degrees = 164.625000
RIGHT - Enter in find_h
degrees2 = 164.625000
ax = 714.186825 | max_len = 1056 | ay = 95.999990 | nb_line = 416
Right - degrees = 164.531250
RIGHT - Enter in find_h
degrees2 = 164.531250
ax = 713.816607 | max_len = 1056 | ay = 95.999990 | nb_line = 416
Right - degrees = 164.437500
RIGHT - Enter in find_h
degrees2 = 164.437500
ax = 713.450742 | max_len = 1056 | ay = 95.999990 | nb_line = 416
Right - degrees = 164.343750
RIGHT - Enter in find_h
degrees2 = 164.343750
ax = 713.089150 | max_len = 1056 | ay = 95.999990 | nb_line = 416
Right - degrees = 164.250000
RIGHT - Enter in find_h
degrees2 = 164.250000
ax = 712.731756 | max_len = 1056 | ay = 95.999990 | nb_line = 416
Right - degrees = 164.156250
RIGHT - Enter in find_h
degrees2 = 164.156250
ax = 712.378485 | max_len = 1056 | ay = 95.999990 | nb_line = 416
Right - degrees = 164.062500
RIGHT - Enter in find_h
degrees2 = 164.062500
ax = 712.029265 | max_len = 1056 | ay = 95.999990 | nb_line = 416
Right - degrees = 163.968750
RIGHT - Enter in find_h
degrees2 = 163.968750
ax = 711.684023 | max_len = 1056 | ay = 95.999990 | nb_line = 416
Right - degrees = 163.875000
RIGHT - Enter in find_h
degrees2 = 163.875000
ax = 711.342692 | max_len = 1056 | ay = 95.999990 | nb_line = 416
Right - degrees = 163.781250
RIGHT - Enter in find_h
degrees2 = 163.781250
ax = 711.005202 | max_len = 1056 | ay = 95.999990 | nb_line = 416
Right - degrees = 163.687500
RIGHT - Enter in find_h
degrees2 = 163.687500
ax = 710.671488 | max_len = 1056 | ay = 95.999990 | nb_line = 416
Right - degrees = 163.593750
RIGHT - Enter in find_h
degrees2 = 163.593750
ax = 710.341484 | max_len = 1056 | ay = 95.999990 | nb_line = 416
Right - degrees = 163.500000
RIGHT - Enter in find_h
degrees2 = 163.500000
ax = 710.015129 | max_len = 1056 | ay = 95.999990 | nb_line = 416
Right - degrees = 163.406250
RIGHT - Enter in find_h
degrees2 = 163.406250
ax = 709.692358 | max_len = 1056 | ay = 95.999990 | nb_line = 416
Right - degrees = 163.312500
RIGHT - Enter in find_h
degrees2 = 163.312500
ax = 709.373114 | max_len = 1056 | ay = 95.999990 | nb_line = 416
Right - degrees = 163.218750
RIGHT - Enter in find_h
degrees2 = 163.218750
ax = 709.057335 | max_len = 1056 | ay = 95.999990 | nb_line = 416
Right - degrees = 163.125000
RIGHT - Enter in find_h
degrees2 = 163.125000
ax = 708.744964 | max_len = 1056 | ay = 95.999990 | nb_line = 416
Right - degrees = 163.031250
RIGHT - Enter in find_h
degrees2 = 163.031250
ax = 708.435946 | max_len = 1056 | ay = 95.999990 | nb_line = 416
Right - degrees = 162.937500
RIGHT - Enter in find_h
degrees2 = 162.937500
ax = 708.130223 | max_len = 1056 | ay = 95.999990 | nb_line = 416
Right - degrees = 162.843750
RIGHT - Enter in find_h
degrees2 = 162.843750
ax = 707.827744 | max_len = 1056 | ay = 95.999990 | nb_line = 416
Right - degrees = 162.750000
RIGHT - Enter in find_h
degrees2 = 162.750000
ax = 707.528453 | max_len = 1056 | ay = 95.999990 | nb_line = 416
Right - degrees = 162.656250
RIGHT - Enter in find_h
degrees2 = 162.656250
ax = 707.232301 | max_len = 1056 | ay = 95.999990 | nb_line = 416
Right - degrees = 162.562500
RIGHT - Enter in find_h
degrees2 = 162.562500
ax = 706.939235 | max_len = 1056 | ay = 95.999990 | nb_line = 416
Right - degrees = 162.468750
RIGHT - Enter in find_h
degrees2 = 162.468750
ax = 706.649207 | max_len = 1056 | ay = 95.999990 | nb_line = 416
Right - degrees = 162.375000
RIGHT - Enter in find_h
degrees2 = 162.375000
ax = 706.362168 | max_len = 1056 | ay = 95.999990 | nb_line = 416
Right - degrees = 162.281250
RIGHT - Enter in find_h
degrees2 = 162.281250
ax = 706.078071 | max_len = 1056 | ay = 95.999990 | nb_line = 416
Right - degrees = 162.187500
RIGHT - Enter in find_h
degrees2 = 162.187500
ax = 705.796868 | max_len = 1056 | ay = 95.999990 | nb_line = 416
Right - degrees = 162.093750
RIGHT - Enter in find_h
degrees2 = 162.093750
ax = 705.518515 | max_len = 1056 | ay = 95.999990 | nb_line = 416
Right - degrees = 162.000000
RIGHT - Enter in find_h
degrees2 = 162.000000
ax = 705.242967 | max_len = 1056 | ay = 95.999990 | nb_line = 416
Right - degrees = 161.906250
RIGHT - Enter in find_h
degrees2 = 161.906250
ax = 704.970181 | max_len = 1056 | ay = 95.999990 | nb_line = 416
Right - degrees = 161.812500
RIGHT - Enter in find_h
degrees2 = 161.812500
ax = 704.700113 | max_len = 1056 | ay = 95.999990 | nb_line = 416
Right - degrees = 161.718750
RIGHT - Enter in find_h
degrees2 = 161.718750
ax = 704.432722 | max_len = 1056 | ay = 95.999990 | nb_line = 416
Right - degrees = 161.625000
RIGHT - Enter in find_h
degrees2 = 161.625000
ax = 704.167966 | max_len = 1056 | ay = 95.999990 | nb_line = 416
Right - degrees = 161.531250
RIGHT - Enter in find_h
degrees2 = 161.531250
ax = 703.905806 | max_len = 1056 | ay = 95.999990 | nb_line = 416
Right - degrees = 161.437500
RIGHT - Enter in find_h
degrees2 = 161.437500
ax = 703.646202 | max_len = 1056 | ay = 95.999990 | nb_line = 416
Right - degrees = 161.343750
RIGHT - Enter in find_h
degrees2 = 161.343750
ax = 703.389116 | max_len = 1056 | ay = 95.999990 | nb_line = 416
Right - degrees = 161.250000
RIGHT - Enter in find_h
degrees2 = 161.250000
ax = 703.134510 | max_len = 1056 | ay = 95.999990 | nb_line = 416
Right - degrees = 161.156250
RIGHT - Enter in find_h
degrees2 = 161.156250
ax = 702.882346 | max_len = 1056 | ay = 95.999990 | nb_line = 416
Right - degrees = 161.062500
RIGHT - Enter in find_h
degrees2 = 161.062500
ax = 702.632589 | max_len = 1056 | ay = 95.999990 | nb_line = 416
Right - degrees = 160.968750
RIGHT - Enter in find_h
degrees2 = 160.968750
ax = 702.385202 | max_len = 1056 | ay = 95.999990 | nb_line = 416
Right - degrees = 160.875000
RIGHT - Enter in find_h
degrees2 = 160.875000
ax = 702.140152 | max_len = 1056 | ay = 95.999990 | nb_line = 416
Right - degrees = 160.781250
RIGHT - Enter in find_h
degrees2 = 160.781250
ax = 701.897403 | max_len = 1056 | ay = 95.999990 | nb_line = 416
Right - degrees = 160.687500
RIGHT - Enter in find_h
degrees2 = 160.687500
ax = 701.656922 | max_len = 1056 | ay = 95.999990 | nb_line = 416
Right - degrees = 160.593750
RIGHT - Enter in find_h
degrees2 = 160.593750
ax = 701.418677 | max_len = 1056 | ay = 95.999990 | nb_line = 416
Right - degrees = 160.500000
RIGHT - Enter in find_h
degrees2 = 160.500000
ax = 701.182634 | max_len = 1056 | ay = 95.999990 | nb_line = 416
Right - degrees = 160.406250
RIGHT - Enter in find_h
degrees2 = 160.406250
ax = 700.948763 | max_len = 1056 | ay = 95.999990 | nb_line = 416
Right - degrees = 160.312500
RIGHT - Enter in find_h
degrees2 = 160.312500
ax = 700.717032 | max_len = 1056 | ay = 95.999990 | nb_line = 416
Right - degrees = 160.218750
RIGHT - Enter in find_h
degrees2 = 160.218750
ax = 700.487411 | max_len = 1056 | ay = 95.999990 | nb_line = 416
Right - degrees = 160.125000
RIGHT - Enter in find_h
degrees2 = 160.125000
ax = 700.259870 | max_len = 1056 | ay = 95.999990 | nb_line = 416
Right - degrees = 160.031250
RIGHT - Enter in find_h
degrees2 = 160.031250
ax = 700.034379 | max_len = 1056 | ay = 95.999990 | nb_line = 416
Right - degrees = 159.937500
RIGHT - Enter in find_h
degrees2 = 159.937500
ax = 699.810910 | max_len = 1056 | ay = 95.999990 | nb_line = 416
Right - degrees = 159.843750
RIGHT - Enter in find_h
degrees2 = 159.843750
ax = 699.589435 | max_len = 1056 | ay = 95.999990 | nb_line = 416
Right - degrees = 159.750000
RIGHT - Enter in find_h
degrees2 = 159.750000
ax = 699.369925 | max_len = 1056 | ay = 95.999990 | nb_line = 416
Right - degrees = 159.656250
RIGHT - Enter in find_h
degrees2 = 159.656250
ax = 699.152354 | max_len = 1056 | ay = 95.999990 | nb_line = 416
Right - degrees = 159.562500
RIGHT - Enter in find_h
degrees2 = 159.562500
ax = 698.936694 | max_len = 1056 | ay = 95.999990 | nb_line = 416
Right - degrees = 159.468750
RIGHT - Enter in find_h
degrees2 = 159.468750
ax = 698.722921 | max_len = 1056 | ay = 95.999990 | nb_line = 416
Right - degrees = 159.375000
RIGHT - Enter in find_h
degrees2 = 159.375000
ax = 698.511007 | max_len = 1056 | ay = 95.999990 | nb_line = 416
Right - degrees = 159.281250
RIGHT - Enter in find_h
degrees2 = 159.281250
ax = 698.300928 | max_len = 1056 | ay = 95.999990 | nb_line = 416
Right - degrees = 159.187500
RIGHT - Enter in find_h
degrees2 = 159.187500
ax = 698.092658 | max_len = 1056 | ay = 95.999990 | nb_line = 416
Right - degrees = 159.093750
RIGHT - Enter in find_h
degrees2 = 159.093750
ax = 697.886174 | max_len = 1056 | ay = 95.999990 | nb_line = 416
Right - degrees = 159.000000
RIGHT - Enter in find_h
degrees2 = 159.000000
ax = 697.681451 | max_len = 1056 | ay = 95.999990 | nb_line = 416
Right - degrees = 158.906250
RIGHT - Enter in find_h
degrees2 = 158.906250
ax = 697.478466 | max_len = 1056 | ay = 95.999990 | nb_line = 416
Right - degrees = 158.812500
RIGHT - Enter in find_h
degrees2 = 158.812500
ax = 697.277196 | max_len = 1056 | ay = 95.999990 | nb_line = 416
Right - degrees = 158.718750
RIGHT - Enter in find_h
degrees2 = 158.718750
ax = 697.077618 | max_len = 1056 | ay = 95.999990 | nb_line = 416
Right - degrees = 158.625000
RIGHT - Enter in find_h
degrees2 = 158.625000
ax = 696.879710 | max_len = 1056 | ay = 95.999990 | nb_line = 416
Right - degrees = 158.531250
RIGHT - Enter in find_h
degrees2 = 158.531250
ax = 696.683449 | max_len = 1056 | ay = 95.999990 | nb_line = 416
Right - degrees = 158.437500
RIGHT - Enter in find_h
degrees2 = 158.437500
ax = 696.488815 | max_len = 1056 | ay = 95.999990 | nb_line = 416
Right - degrees = 158.343750
RIGHT - Enter in find_h
degrees2 = 158.343750
ax = 696.295786 | max_len = 1056 | ay = 95.999990 | nb_line = 416
Right - degrees = 158.250000
RIGHT - Enter in find_h
degrees2 = 158.250000
ax = 696.104342 | max_len = 1056 | ay = 95.999990 | nb_line = 416
Right - degrees = 158.156250
RIGHT - Enter in find_h
degrees2 = 158.156250
ax = 695.914461 | max_len = 1056 | ay = 95.999990 | nb_line = 416
Right - degrees = 158.062500
RIGHT - Enter in find_h
degrees2 = 158.062500
ax = 695.726124 | max_len = 1056 | ay = 95.999990 | nb_line = 416
Right - degrees = 157.968750
RIGHT - Enter in find_h
degrees2 = 157.968750
ax = 695.539312 | max_len = 1056 | ay = 95.999990 | nb_line = 416
Right - degrees = 157.875000
RIGHT - Enter in find_h
degrees2 = 157.875000
ax = 695.354004 | max_len = 1056 | ay = 95.999990 | nb_line = 416
Right - degrees = 157.781250
RIGHT - Enter in find_h
degrees2 = 157.781250
ax = 695.170181 | max_len = 1056 | ay = 95.999990 | nb_line = 416
Right - degrees = 157.687500
RIGHT - Enter in find_h
degrees2 = 157.687500
ax = 694.987825 | max_len = 1056 | ay = 95.999990 | nb_line = 416
Right - degrees = 157.593750
RIGHT - Enter in find_h
degrees2 = 157.593750
ax = 694.806918 | max_len = 1056 | ay = 95.999990 | nb_line = 416
Right - degrees = 157.500000
RIGHT - Enter in find_h
degrees2 = 157.500000
ax = 694.627441 | max_len = 1056 | ay = 95.999990 | nb_line = 416
Right - degrees = 157.406250
RIGHT - Enter in find_h
degrees2 = 157.406250
ax = 694.449376 | max_len = 1056 | ay = 95.999990 | nb_line = 416
Right - degrees = 157.312500
RIGHT - Enter in find_h
degrees2 = 157.312500
ax = 694.272707 | max_len = 1056 | ay = 95.999990 | nb_line = 416
Right - degrees = 157.218750
RIGHT - Enter in find_h
degrees2 = 157.218750
ax = 694.097414 | max_len = 1056 | ay = 95.999990 | nb_line = 416
Right - degrees = 157.125000
RIGHT - Enter in find_h
degrees2 = 157.125000
ax = 693.923483 | max_len = 1056 | ay = 95.999990 | nb_line = 416
Right - degrees = 157.031250
RIGHT - Enter in find_h
degrees2 = 157.031250
ax = 693.750895 | max_len = 1056 | ay = 95.999990 | nb_line = 416
Right - degrees = 156.937500
RIGHT - Enter in find_h
degrees2 = 156.937500
ax = 693.579635 | max_len = 1056 | ay = 95.999990 | nb_line = 416
Right - degrees = 156.843750
RIGHT - Enter in find_h
degrees2 = 156.843750
ax = 693.409686 | max_len = 1056 | ay = 95.999990 | nb_line = 416
Right - degrees = 156.750000
RIGHT - Enter in find_h
degrees2 = 156.750000
ax = 693.241032 | max_len = 1056 | ay = 95.999990 | nb_line = 416
Right - degrees = 156.656250
RIGHT - Enter in find_h
degrees2 = 156.656250
ax = 693.073658 | max_len = 1056 | ay = 95.999990 | nb_line = 416
Right - degrees = 156.562500
RIGHT - Enter in find_h
degrees2 = 156.562500
ax = 692.907549 | max_len = 1056 | ay = 95.999990 | nb_line = 416
Right - degrees = 156.468750
RIGHT - Enter in find_h
degrees2 = 156.468750
ax = 692.742688 | max_len = 1056 | ay = 95.999990 | nb_line = 416
Right - degrees = 156.375000
RIGHT - Enter in find_h
degrees2 = 156.375000
ax = 692.579062 | max_len = 1056 | ay = 95.999990 | nb_line = 416
Right - degrees = 156.281250
RIGHT - Enter in find_h
degrees2 = 156.281250
ax = 692.416656 | max_len = 1056 | ay = 95.999990 | nb_line = 416
Right - degrees = 156.187500
RIGHT - Enter in find_h
degrees2 = 156.187500
ax = 692.255454 | max_len = 1056 | ay = 95.999990 | nb_line = 416
Right - degrees = 156.093750
RIGHT - Enter in find_h
degrees2 = 156.093750
ax = 692.095444 | max_len = 1056 | ay = 95.999990 | nb_line = 416
Right - degrees = 156.000000
RIGHT - Enter in find_h
degrees2 = 156.000000
ax = 691.936611 | max_len = 1056 | ay = 95.999990 | nb_line = 416
Right - degrees = 155.906250
RIGHT - Enter in find_h
degrees2 = 155.906250
ax = 691.778941 | max_len = 1056 | ay = 95.999990 | nb_line = 416
Right - degrees = 155.812500
RIGHT - Enter in find_h
degrees2 = 155.812500
ax = 691.622420 | max_len = 1056 | ay = 95.999990 | nb_line = 416
Right - degrees = 155.718750
RIGHT - Enter in find_h
degrees2 = 155.718750
ax = 691.467036 | max_len = 1056 | ay = 95.999990 | nb_line = 416
Right - degrees = 155.625000
RIGHT - Enter in find_h
degrees2 = 155.625000
ax = 691.312775 | max_len = 1056 | ay = 95.999990 | nb_line = 416
Right - degrees = 155.531250
RIGHT - Enter in find_h
degrees2 = 155.531250
ax = 691.159624 | max_len = 1056 | ay = 95.999990 | nb_line = 416
Right - degrees = 155.437500
RIGHT - Enter in find_h
degrees2 = 155.437500
ax = 691.007570 | max_len = 1056 | ay = 95.999990 | nb_line = 416
Right - degrees = 155.343750
RIGHT - Enter in find_h
degrees2 = 155.343750
ax = 690.856601 | max_len = 1056 | ay = 95.999990 | nb_line = 416
Right - degrees = 155.250000
RIGHT - Enter in find_h
degrees2 = 155.250000
ax = 690.706705 | max_len = 1056 | ay = 95.999990 | nb_line = 416
Right - degrees = 155.156250
RIGHT - Enter in find_h
degrees2 = 155.156250
ax = 690.557869 | max_len = 1056 | ay = 95.999990 | nb_line = 416
Right - degrees = 155.062500
RIGHT - Enter in find_h
degrees2 = 155.062500
ax = 690.410081 | max_len = 1056 | ay = 95.999990 | nb_line = 416
Right - degrees = 154.968750
RIGHT - Enter in find_h
degrees2 = 154.968750
ax = 690.263330 | max_len = 1056 | ay = 95.999990 | nb_line = 416
Right - degrees = 154.875000
RIGHT - Enter in find_h
degrees2 = 154.875000
ax = 690.117603 | max_len = 1056 | ay = 95.999990 | nb_line = 416
Right - degrees = 154.781250
RIGHT - Enter in find_h
degrees2 = 154.781250
ax = 689.972890 | max_len = 1056 | ay = 95.999990 | nb_line = 416
Right - degrees = 154.687500
RIGHT - Enter in find_h
degrees2 = 154.687500
ax = 689.829179 | max_len = 1056 | ay = 95.999990 | nb_line = 416
Right - degrees = 154.593750
RIGHT - Enter in find_h
degrees2 = 154.593750
ax = 689.686459 | max_len = 1056 | ay = 95.999990 | nb_line = 416
Right - degrees = 154.500000
RIGHT - Enter in find_h
degrees2 = 154.500000
ax = 689.544719 | max_len = 1056 | ay = 95.999990 | nb_line = 416
Right - degrees = 154.406250
RIGHT - Enter in find_h
degrees2 = 154.406250
ax = 689.403948 | max_len = 1056 | ay = 95.999990 | nb_line = 416
Right - degrees = 154.312500
RIGHT - Enter in find_h
degrees2 = 154.312500
ax = 689.264135 | max_len = 1056 | ay = 95.999990 | nb_line = 416
Right - degrees = 154.218750
RIGHT - Enter in find_h
degrees2 = 154.218750
ax = 689.125270 | max_len = 1056 | ay = 95.999990 | nb_line = 416
Right - degrees = 154.125000
RIGHT - Enter in find_h
degrees2 = 154.125000
ax = 688.987344 | max_len = 1056 | ay = 95.999990 | nb_line = 416
Right - degrees = 154.031250
RIGHT - Enter in find_h
degrees2 = 154.031250
ax = 688.850344 | max_len = 1056 | ay = 95.999990 | nb_line = 416
Right - degrees = 153.937500
RIGHT - Enter in find_h
degrees2 = 153.937500
ax = 688.714262 | max_len = 1056 | ay = 95.999990 | nb_line = 416
Right - degrees = 153.843750
RIGHT - Enter in find_h
degrees2 = 153.843750
ax = 688.579088 | max_len = 1056 | ay = 95.999990 | nb_line = 416
Right - degrees = 153.750000
RIGHT - Enter in find_h
degrees2 = 153.750000
ax = 688.444811 | max_len = 1056 | ay = 95.999990 | nb_line = 416
Right - degrees = 153.656250
RIGHT - Enter in find_h
degrees2 = 153.656250
ax = 688.311422 | max_len = 1056 | ay = 95.999990 | nb_line = 416
Right - degrees = 153.562500
RIGHT - Enter in find_h
degrees2 = 153.562500
ax = 688.178912 | max_len = 1056 | ay = 95.999990 | nb_line = 416
Right - degrees = 153.468750
RIGHT - Enter in find_h
degrees2 = 153.468750
ax = 688.047271 | max_len = 1056 | ay = 95.999990 | nb_line = 416
Right - degrees = 153.375000
RIGHT - Enter in find_h
degrees2 = 153.375000
ax = 687.916490 | max_len = 1056 | ay = 95.999990 | nb_line = 416
Right - degrees = 153.281250
RIGHT - Enter in find_h
degrees2 = 153.281250
ax = 687.786561 | max_len = 1056 | ay = 95.999990 | nb_line = 416
Right - degrees = 153.187500
RIGHT - Enter in find_h
degrees2 = 153.187500
ax = 687.657473 | max_len = 1056 | ay = 95.999990 | nb_line = 416
Right - degrees = 153.093750
RIGHT - Enter in find_h
degrees2 = 153.093750
ax = 687.529218 | max_len = 1056 | ay = 95.999990 | nb_line = 416
Right - degrees = 153.000000
RIGHT - Enter in find_h
degrees2 = 153.000000
ax = 687.401788 | max_len = 1056 | ay = 95.999990 | nb_line = 416
Right - degrees = 152.906250
RIGHT - Enter in find_h
degrees2 = 152.906250
ax = 687.275173 | max_len = 1056 | ay = 95.999990 | nb_line = 416
Right - degrees = 152.812500
RIGHT - Enter in find_h
degrees2 = 152.812500
ax = 687.149366 | max_len = 1056 | ay = 95.999990 | nb_line = 416
Right - degrees = 152.718750
RIGHT - Enter in find_h
degrees2 = 152.718750
ax = 687.024358 | max_len = 1056 | ay = 95.999990 | nb_line = 416
Right - degrees = 152.625000
RIGHT - Enter in find_h
degrees2 = 152.625000
ax = 686.900141 | max_len = 1056 | ay = 95.999990 | nb_line = 416
Right - degrees = 152.531250
RIGHT - Enter in find_h
degrees2 = 152.531250
ax = 686.776706 | max_len = 1056 | ay = 95.999990 | nb_line = 416
Right - degrees = 152.437500
RIGHT - Enter in find_h
degrees2 = 152.437500
ax = 686.654045 | max_len = 1056 | ay = 95.999990 | nb_line = 416
Right - degrees = 152.343750
RIGHT - Enter in find_h
degrees2 = 152.343750
ax = 686.532152 | max_len = 1056 | ay = 95.999990 | nb_line = 416
Right - degrees = 152.250000
RIGHT - Enter in find_h
degrees2 = 152.250000
ax = 686.411017 | max_len = 1056 | ay = 95.999990 | nb_line = 416
Right - degrees = 152.156250
RIGHT - Enter in find_h
degrees2 = 152.156250
ax = 686.290633 | max_len = 1056 | ay = 95.999990 | nb_line = 416
Right - degrees = 152.062500
RIGHT - Enter in find_h
degrees2 = 152.062500
ax = 686.170993 | max_len = 1056 | ay = 95.999990 | nb_line = 416
Right - degrees = 151.968750
RIGHT - Enter in find_h
degrees2 = 151.968750
ax = 686.052089 | max_len = 1056 | ay = 95.999990 | nb_line = 416
Right - degrees = 151.875000
RIGHT - Enter in find_h
degrees2 = 151.875000
ax = 685.933913 | max_len = 1056 | ay = 95.999990 | nb_line = 416
Right - degrees = 151.781250
RIGHT - Enter in find_h
degrees2 = 151.781250
ax = 685.816459 | max_len = 1056 | ay = 95.999990 | nb_line = 416
Right - degrees = 151.687500
RIGHT - Enter in find_h
degrees2 = 151.687500
ax = 685.699719 | max_len = 1056 | ay = 95.999990 | nb_line = 416
Right - degrees = 151.593750
RIGHT - Enter in find_h
degrees2 = 151.593750
ax = 685.583686 | max_len = 1056 | ay = 95.999990 | nb_line = 416
Right - degrees = 151.500000
RIGHT - Enter in find_h
degrees2 = 151.500000
ax = 685.468353 | max_len = 1056 | ay = 95.999990 | nb_line = 416
Right - degrees = 151.406250
RIGHT - Enter in find_h
degrees2 = 151.406250
ax = 685.353712 | max_len = 1056 | ay = 95.999990 | nb_line = 416
Right - degrees = 151.312500
RIGHT - Enter in find_h
degrees2 = 151.312500
ax = 685.239759 | max_len = 1056 | ay = 95.999990 | nb_line = 416
Right - degrees = 151.218750
RIGHT - Enter in find_h
degrees2 = 151.218750
ax = 685.126484 | max_len = 1056 | ay = 95.999990 | nb_line = 416
Right - degrees = 151.125000
RIGHT - Enter in find_h
degrees2 = 151.125000
ax = 685.013882 | max_len = 1056 | ay = 95.999990 | nb_line = 416
Right - degrees = 151.031250
RIGHT - Enter in find_h
degrees2 = 151.031250
ax = 684.901947 | max_len = 1056 | ay = 95.999990 | nb_line = 416
Right - degrees = 150.937500
RIGHT - Enter in find_h
degrees2 = 150.937500
ax = 684.790671 | max_len = 1056 | ay = 95.999990 | nb_line = 416
Right - degrees = 150.843750
RIGHT - Enter in find_h
degrees2 = 150.843750
ax = 684.680049 | max_len = 1056 | ay = 95.999990 | nb_line = 416
Right - degrees = 150.750000
RIGHT - Enter in find_h
degrees2 = 150.750000
ax = 684.570074 | max_len = 1056 | ay = 95.999990 | nb_line = 416
Right - degrees = 150.656250
RIGHT - Enter in find_h
degrees2 = 150.656250
ax = 684.460739 | max_len = 1056 | ay = 95.999990 | nb_line = 416
Right - degrees = 150.562500
RIGHT - Enter in find_h
degrees2 = 150.562500
ax = 684.352039 | max_len = 1056 | ay = 95.999990 | nb_line = 416
Right - degrees = 150.468750
RIGHT - Enter in find_h
degrees2 = 150.468750
ax = 684.243968 | max_len = 1056 | ay = 95.999990 | nb_line = 416
Right - degrees = 150.375000
RIGHT - Enter in find_h
degrees2 = 150.375000
ax = 684.136519 | max_len = 1056 | ay = 95.999990 | nb_line = 416
Right - degrees = 150.281250
RIGHT - Enter in find_h
degrees2 = 150.281250
ax = 684.029686 | max_len = 1056 | ay = 95.999990 | nb_line = 416
Right - degrees = 150.187500
RIGHT - Enter in find_h
degrees2 = 150.187500
ax = 683.923465 | max_len = 1056 | ay = 95.999990 | nb_line = 416
Right - degrees = 150.093750
RIGHT - Enter in find_h
degrees2 = 150.093750
ax = 683.817848 | max_len = 1056 | ay = 95.999990 | nb_line = 416
Right - degrees = 150.000000
RIGHT - Enter in find_h
degrees2 = 150.000000
ax = 683.712830 | max_len = 1056 | ay = 95.999990 | nb_line = 416
Right - degrees = 149.906250
nb_ray = 641
