==1677507== Memcheck, a memory error detector
==1677507== Copyright (C) 2002-2017, and GNU GPL'd, by Julian Seward et al.
==1677507== Using Valgrind-3.15.0 and LibVEX; rerun with -h for copyright info
==1677507== Command: ./cub3D map/invalid_maps/01_bad_extension
==1677507== 
Error
The file is incorrect [file.cub]
==1677507== 
==1677507== HEAP SUMMARY:
==1677507==     in use at exit: 0 bytes in 0 blocks
==1677507==   total heap usage: 0 allocs, 0 frees, 0 bytes allocated
==1677507== 
==1677507== All heap blocks were freed -- no leaks are possible
==1677507== 
==1677507== For lists of detected and suppressed errors, rerun with: -s
==1677507== ERROR SUMMARY: 0 errors from 0 contexts (suppressed: 0 from 0)
==1677508== Memcheck, a memory error detector
==1677508== Copyright (C) 2002-2017, and GNU GPL'd, by Julian Seward et al.
==1677508== Using Valgrind-3.15.0 and LibVEX; rerun with -h for copyright info
==1677508== Command: ./cub3D map/invalid_maps/02_BadMapPos.cub
==1677508== 
Error
The map is invalid
==1677508== 
==1677508== HEAP SUMMARY:
==1677508==     in use at exit: 0 bytes in 0 blocks
==1677508==   total heap usage: 97 allocs, 97 frees, 3,266 bytes allocated
==1677508== 
==1677508== All heap blocks were freed -- no leaks are possible
==1677508== 
==1677508== For lists of detected and suppressed errors, rerun with: -s
==1677508== ERROR SUMMARY: 0 errors from 0 contexts (suppressed: 0 from 0)
==1677525== Memcheck, a memory error detector
==1677525== Copyright (C) 2002-2017, and GNU GPL'd, by Julian Seward et al.
==1677525== Using Valgrind-3.15.0 and LibVEX; rerun with -h for copyright info
==1677525== Command: ./cub3D map/invalid_maps/03_BadAccessRigh.cub
==1677525== 
Error
Your image not exist
PATH_IMG = ./cub3D
==1677525== 
==1677525== HEAP SUMMARY:
==1677525==     in use at exit: 0 bytes in 0 blocks
==1677525==   total heap usage: 92 allocs, 92 frees, 2,643 bytes allocated
==1677525== 
==1677525== All heap blocks were freed -- no leaks are possible
==1677525== 
==1677525== For lists of detected and suppressed errors, rerun with: -s
==1677525== ERROR SUMMARY: 0 errors from 0 contexts (suppressed: 0 from 0)
==1677536== Memcheck, a memory error detector
==1677536== Copyright (C) 2002-2017, and GNU GPL'd, by Julian Seward et al.
==1677536== Using Valgrind-3.15.0 and LibVEX; rerun with -h for copyright info
==1677536== Command: ./cub3D map/invalid_maps/04_tester_une_exec_avec_un_mauvais_nom_de_map.cub
==1677536== 
Error
The map is invalid
==1677536== 
==1677536== HEAP SUMMARY:
==1677536==     in use at exit: 0 bytes in 0 blocks
==1677536==   total heap usage: 97 allocs, 97 frees, 3,228 bytes allocated
==1677536== 
==1677536== All heap blocks were freed -- no leaks are possible
==1677536== 
==1677536== For lists of detected and suppressed errors, rerun with: -s
==1677536== ERROR SUMMARY: 0 errors from 0 contexts (suppressed: 0 from 0)
==1677537== Memcheck, a memory error detector
==1677537== Copyright (C) 2002-2017, and GNU GPL'd, by Julian Seward et al.
==1677537== Using Valgrind-3.15.0 and LibVEX; rerun with -h for copyright info
==1677537== Command: ./cub3D map/invalid_maps/07_no_map.cub
==1677537== 
Error
The map is invalid
==1677537== 
==1677537== HEAP SUMMARY:
==1677537==     in use at exit: 0 bytes in 0 blocks
==1677537==   total heap usage: 49 allocs, 49 frees, 1,436 bytes allocated
==1677537== 
==1677537== All heap blocks were freed -- no leaks are possible
==1677537== 
==1677537== For lists of detected and suppressed errors, rerun with: -s
==1677537== ERROR SUMMARY: 0 errors from 0 contexts (suppressed: 0 from 0)
==1677539== Memcheck, a memory error detector
==1677539== Copyright (C) 2002-2017, and GNU GPL'd, by Julian Seward et al.
==1677539== Using Valgrind-3.15.0 and LibVEX; rerun with -h for copyright info
==1677539== Command: ./cub3D map/invalid_maps/10_missing_texture_definition.cub
==1677539== 
Your file.cub does not contain five parameters:
NO [path]
SO [path]
WE [path]
EA [path]
F [rgb]
C [rgb]
==1677539== 
==1677539== HEAP SUMMARY:
==1677539==     in use at exit: 0 bytes in 0 blocks
==1677539==   total heap usage: 87 allocs, 87 frees, 2,256 bytes allocated
==1677539== 
==1677539== All heap blocks were freed -- no leaks are possible
==1677539== 
==1677539== For lists of detected and suppressed errors, rerun with: -s
==1677539== ERROR SUMMARY: 0 errors from 0 contexts (suppressed: 0 from 0)
==1677541== Memcheck, a memory error detector
==1677541== Copyright (C) 2002-2017, and GNU GPL'd, by Julian Seward et al.
==1677541== Using Valgrind-3.15.0 and LibVEX; rerun with -h for copyright info
==1677541== Command: ./cub3D map/invalid_maps/11_non_existing_texture.cub
==1677541== 
Error
The map is invalid
==1677541== 
==1677541== HEAP SUMMARY:
==1677541==     in use at exit: 0 bytes in 0 blocks
==1677541==   total heap usage: 73 allocs, 73 frees, 1,998 bytes allocated
==1677541== 
==1677541== All heap blocks were freed -- no leaks are possible
==1677541== 
==1677541== For lists of detected and suppressed errors, rerun with: -s
==1677541== ERROR SUMMARY: 0 errors from 0 contexts (suppressed: 0 from 0)
==1677542== Memcheck, a memory error detector
==1677542== Copyright (C) 2002-2017, and GNU GPL'd, by Julian Seward et al.
==1677542== Using Valgrind-3.15.0 and LibVEX; rerun with -h for copyright info
==1677542== Command: ./cub3D map/invalid_maps/12_double_texture_definition.cub
==1677542== 
Error
Too much parameters
==1677542== 
==1677542== HEAP SUMMARY:
==1677542==     in use at exit: 0 bytes in 0 blocks
==1677542==   total heap usage: 92 allocs, 92 frees, 2,572 bytes allocated
==1677542== 
==1677542== All heap blocks were freed -- no leaks are possible
==1677542== 
==1677542== For lists of detected and suppressed errors, rerun with: -s
==1677542== ERROR SUMMARY: 0 errors from 0 contexts (suppressed: 0 from 0)
==1677544== Memcheck, a memory error detector
==1677544== Copyright (C) 2002-2017, and GNU GPL'd, by Julian Seward et al.
==1677544== Using Valgrind-3.15.0 and LibVEX; rerun with -h for copyright info
==1677544== Command: ./cub3D map/invalid_maps/20_double_color.cub
==1677544== 
Error
Too much parameters
==1677544== 
==1677544== HEAP SUMMARY:
==1677544==     in use at exit: 0 bytes in 0 blocks
==1677544==   total heap usage: 90 allocs, 90 frees, 2,452 bytes allocated
==1677544== 
==1677544== All heap blocks were freed -- no leaks are possible
==1677544== 
==1677544== For lists of detected and suppressed errors, rerun with: -s
==1677544== ERROR SUMMARY: 0 errors from 0 contexts (suppressed: 0 from 0)
==1677560== Memcheck, a memory error detector
==1677560== Copyright (C) 2002-2017, and GNU GPL'd, by Julian Seward et al.
==1677560== Using Valgrind-3.15.0 and LibVEX; rerun with -h for copyright info
==1677560== Command: ./cub3D map/invalid_maps/21_color_bad_def_negative_number.cub
==1677560== 
Error
Param error
==1677560== 
==1677560== HEAP SUMMARY:
==1677560==     in use at exit: 0 bytes in 0 blocks
==1677560==   total heap usage: 90 allocs, 90 frees, 2,371 bytes allocated
==1677560== 
==1677560== All heap blocks were freed -- no leaks are possible
==1677560== 
==1677560== For lists of detected and suppressed errors, rerun with: -s
==1677560== ERROR SUMMARY: 0 errors from 0 contexts (suppressed: 0 from 0)
==1677568== Memcheck, a memory error detector
==1677568== Copyright (C) 2002-2017, and GNU GPL'd, by Julian Seward et al.
==1677568== Using Valgrind-3.15.0 and LibVEX; rerun with -h for copyright info
==1677568== Command: ./cub3D map/invalid_maps/22_color_bad_def_big_number.cub
==1677568== 
Error
Your rgb color is not valid
The rgb colors must not contain spaces and must contain 3 numbers from 0 to 255 separated by commas
==1677568== 
==1677568== HEAP SUMMARY:
==1677568==     in use at exit: 0 bytes in 0 blocks
==1677568==   total heap usage: 98 allocs, 98 frees, 2,442 bytes allocated
==1677568== 
==1677568== All heap blocks were freed -- no leaks are possible
==1677568== 
==1677568== For lists of detected and suppressed errors, rerun with: -s
==1677568== ERROR SUMMARY: 0 errors from 0 contexts (suppressed: 0 from 0)
==1677569== Memcheck, a memory error detector
==1677569== Copyright (C) 2002-2017, and GNU GPL'd, by Julian Seward et al.
==1677569== Using Valgrind-3.15.0 and LibVEX; rerun with -h for copyright info
==1677569== Command: ./cub3D map/invalid_maps/23_color_bad_def_too_much_number\ copy.cub
==1677569== 
Error
Your rgb color is not valid
The rgb colors must not contain spaces and must contain 3 numbers from 0 to 255 separated by commas
==1677569== 
==1677569== HEAP SUMMARY:
==1677569==     in use at exit: 0 bytes in 0 blocks
==1677569==   total heap usage: 95 allocs, 95 frees, 2,415 bytes allocated
==1677569== 
==1677569== All heap blocks were freed -- no leaks are possible
==1677569== 
==1677569== For lists of detected and suppressed errors, rerun with: -s
==1677569== ERROR SUMMARY: 0 errors from 0 contexts (suppressed: 0 from 0)
==1677570== Memcheck, a memory error detector
==1677570== Copyright (C) 2002-2017, and GNU GPL'd, by Julian Seward et al.
==1677570== Using Valgrind-3.15.0 and LibVEX; rerun with -h for copyright info
==1677570== Command: ./cub3D map/invalid_maps/24_color_bad_format.cub
==1677570== 
Error
Your rgb color is not valid
The rgb colors must not contain spaces and must contain 3 numbers from 0 to 255 separated by commas
==1677570== 
==1677570== HEAP SUMMARY:
==1677570==     in use at exit: 0 bytes in 0 blocks
==1677570==   total heap usage: 97 allocs, 97 frees, 2,415 bytes allocated
==1677570== 
==1677570== All heap blocks were freed -- no leaks are possible
==1677570== 
==1677570== For lists of detected and suppressed errors, rerun with: -s
==1677570== ERROR SUMMARY: 0 errors from 0 contexts (suppressed: 0 from 0)
==1677572== Memcheck, a memory error detector
==1677572== Copyright (C) 2002-2017, and GNU GPL'd, by Julian Seward et al.
==1677572== Using Valgrind-3.15.0 and LibVEX; rerun with -h for copyright info
==1677572== Command: ./cub3D map/invalid_maps/25_color_bad_format2.cub
==1677572== 
Error
Your rgb color is not valid
The rgb colors must not contain spaces and must contain 3 numbers from 0 to 255 separated by commas
==1677572== 
==1677572== HEAP SUMMARY:
==1677572==     in use at exit: 0 bytes in 0 blocks
==1677572==   total heap usage: 86 allocs, 86 frees, 2,236 bytes allocated
==1677572== 
==1677572== All heap blocks were freed -- no leaks are possible
==1677572== 
==1677572== For lists of detected and suppressed errors, rerun with: -s
==1677572== ERROR SUMMARY: 0 errors from 0 contexts (suppressed: 0 from 0)
==1677574== Memcheck, a memory error detector
==1677574== Copyright (C) 2002-2017, and GNU GPL'd, by Julian Seward et al.
==1677574== Using Valgrind-3.15.0 and LibVEX; rerun with -h for copyright info
==1677574== Command: ./cub3D map/invalid_maps/26_color_bad_format3.cub
==1677574== 
Error
Param error
==1677574== 
==1677574== HEAP SUMMARY:
==1677574==     in use at exit: 0 bytes in 0 blocks
==1677574==   total heap usage: 90 allocs, 90 frees, 2,357 bytes allocated
==1677574== 
==1677574== All heap blocks were freed -- no leaks are possible
==1677574== 
==1677574== For lists of detected and suppressed errors, rerun with: -s
==1677574== ERROR SUMMARY: 0 errors from 0 contexts (suppressed: 0 from 0)
==1677575== Memcheck, a memory error detector
==1677575== Copyright (C) 2002-2017, and GNU GPL'd, by Julian Seward et al.
==1677575== Using Valgrind-3.15.0 and LibVEX; rerun with -h for copyright info
==1677575== Command: ./cub3D map/invalid_maps/30_double_player_different.cub
==1677575== 
Error
Too much start position
==1677575== 
==1677575== HEAP SUMMARY:
==1677575==     in use at exit: 0 bytes in 0 blocks
==1677575==   total heap usage: 103 allocs, 103 frees, 3,058 bytes allocated
==1677575== 
==1677575== All heap blocks were freed -- no leaks are possible
==1677575== 
==1677575== For lists of detected and suppressed errors, rerun with: -s
==1677575== ERROR SUMMARY: 0 errors from 0 contexts (suppressed: 0 from 0)
==1677576== Memcheck, a memory error detector
==1677576== Copyright (C) 2002-2017, and GNU GPL'd, by Julian Seward et al.
==1677576== Using Valgrind-3.15.0 and LibVEX; rerun with -h for copyright info
==1677576== Command: ./cub3D map/invalid_maps/31_double_player_same.cub
==1677576== 
Error
Too much start position
==1677576== 
==1677576== HEAP SUMMARY:
==1677576==     in use at exit: 0 bytes in 0 blocks
==1677576==   total heap usage: 109 allocs, 109 frees, 3,216 bytes allocated
==1677576== 
==1677576== All heap blocks were freed -- no leaks are possible
==1677576== 
==1677576== For lists of detected and suppressed errors, rerun with: -s
==1677576== ERROR SUMMARY: 0 errors from 0 contexts (suppressed: 0 from 0)
==1677582== Memcheck, a memory error detector
==1677582== Copyright (C) 2002-2017, and GNU GPL'd, by Julian Seward et al.
==1677582== Using Valgrind-3.15.0 and LibVEX; rerun with -h for copyright info
==1677582== Command: ./cub3D map/invalid_maps/32_no_player.cub
==1677582== 
Error
No start position
==1677582== 
==1677582== HEAP SUMMARY:
==1677582==     in use at exit: 0 bytes in 0 blocks
==1677582==   total heap usage: 103 allocs, 103 frees, 3,058 bytes allocated
==1677582== 
==1677582== All heap blocks were freed -- no leaks are possible
==1677582== 
==1677582== For lists of detected and suppressed errors, rerun with: -s
==1677582== ERROR SUMMARY: 0 errors from 0 contexts (suppressed: 0 from 0)
==1677583== Memcheck, a memory error detector
==1677583== Copyright (C) 2002-2017, and GNU GPL'd, by Julian Seward et al.
==1677583== Using Valgrind-3.15.0 and LibVEX; rerun with -h for copyright info
==1677583== Command: ./cub3D map/invalid_maps/33_open_map.cub
==1677583== 
Error
Map not close
==1677583== 
==1677583== HEAP SUMMARY:
==1677583==     in use at exit: 0 bytes in 0 blocks
==1677583==   total heap usage: 195 allocs, 195 frees, 6,617 bytes allocated
==1677583== 
==1677583== All heap blocks were freed -- no leaks are possible
==1677583== 
==1677583== For lists of detected and suppressed errors, rerun with: -s
==1677583== ERROR SUMMARY: 0 errors from 0 contexts (suppressed: 0 from 0)
==1677584== Memcheck, a memory error detector
==1677584== Copyright (C) 2002-2017, and GNU GPL'd, by Julian Seward et al.
==1677584== Using Valgrind-3.15.0 and LibVEX; rerun with -h for copyright info
==1677584== Command: ./cub3D map/invalid_maps/34_open_map_empty_line.cub
==1677584== 
Error
Wrong char in map
==1677584== 
==1677584== HEAP SUMMARY:
==1677584==     in use at exit: 0 bytes in 0 blocks
==1677584==   total heap usage: 139 allocs, 139 frees, 4,535 bytes allocated
==1677584== 
==1677584== All heap blocks were freed -- no leaks are possible
==1677584== 
==1677584== For lists of detected and suppressed errors, rerun with: -s
==1677584== ERROR SUMMARY: 0 errors from 0 contexts (suppressed: 0 from 0)
==1677586== Memcheck, a memory error detector
==1677586== Copyright (C) 2002-2017, and GNU GPL'd, by Julian Seward et al.
==1677586== Using Valgrind-3.15.0 and LibVEX; rerun with -h for copyright info
==1677586== Command: ./cub3D map/invalid_maps/35_non_valid_char_in_map_a.cub
==1677586== 
Error
Wrong char in map
==1677586== 
==1677586== HEAP SUMMARY:
==1677586==     in use at exit: 0 bytes in 0 blocks
==1677586==   total heap usage: 136 allocs, 136 frees, 4,230 bytes allocated
==1677586== 
==1677586== All heap blocks were freed -- no leaks are possible
==1677586== 
==1677586== For lists of detected and suppressed errors, rerun with: -s
==1677586== ERROR SUMMARY: 0 errors from 0 contexts (suppressed: 0 from 0)
==1677587== Memcheck, a memory error detector
==1677587== Copyright (C) 2002-2017, and GNU GPL'd, by Julian Seward et al.
==1677587== Using Valgrind-3.15.0 and LibVEX; rerun with -h for copyright info
==1677587== Command: ./cub3D map/invalid_maps/36_non_valid_char_in_map_tab.cub
==1677587== 
Error
Wrong char in map
==1677587== 
==1677587== HEAP SUMMARY:
==1677587==     in use at exit: 0 bytes in 0 blocks
==1677587==   total heap usage: 136 allocs, 136 frees, 4,230 bytes allocated
==1677587== 
==1677587== All heap blocks were freed -- no leaks are possible
==1677587== 
==1677587== For lists of detected and suppressed errors, rerun with: -s
==1677587== ERROR SUMMARY: 0 errors from 0 contexts (suppressed: 0 from 0)
